2024-03-21 10:06:47.376,INFO,UserController.js,login,61,loginIN
2024-03-21 10:06:47.713,INFO,UserController.js,login,98,loginOUT
2024-03-21 10:06:53.837,INFO,WeatherController.js,getcity,139,getcityIN
2024-03-21 10:06:53.839,ERROR,WeatherController.js,getcity,148,getcityLogin Failed
2024-03-21 10:06:53.843,INFO,WeatherController.js,getcity,166,getcityOUT
2024-03-21 10:06:53.851,INFO,WeatherController.js,processTicksAndRejections,160,processTicksAndRejectionsundefined
2024-03-21 10:07:35.465,INFO,WeatherController.js,duplicatecity,177,duplicatecityIN
2024-03-21 10:07:35.466,INFO,WeatherController.js,duplicatecity,215,duplicatecityOUT
2024-03-21 10:07:35.645,INFO,WeatherController.js,addcity,99,addcityIN
2024-03-21 10:07:35.649,INFO,WeatherController.js,addcity,128,addcityOUT
2024-03-21 10:07:35.661,INFO,WeatherController.js,processTicksAndRejections,121,processTicksAndRejectionscity added sucessfully
2024-03-21 10:07:35.668,INFO,WeatherController.js,getcity,139,getcityIN
2024-03-21 10:07:35.669,ERROR,WeatherController.js,getcity,148,getcityLogin Failed
2024-03-21 10:07:35.670,INFO,WeatherController.js,getcity,166,getcityOUT
2024-03-21 10:07:35.673,INFO,WeatherController.js,processTicksAndRejections,160,processTicksAndRejectionsundefined
2024-03-21 10:08:52.480,INFO,WeatherController.js,duplicatecity,177,duplicatecityIN
2024-03-21 10:08:52.482,INFO,WeatherController.js,duplicatecity,215,duplicatecityOUT
2024-03-21 10:12:01.514,INFO,WeatherController.js,duplicatecity,177,duplicatecityIN
2024-03-21 10:12:01.514,INFO,WeatherController.js,duplicatecity,215,duplicatecityOUT
2024-03-21 10:12:01.734,INFO,WeatherController.js,addcity,99,addcityIN
2024-03-21 10:12:01.736,INFO,WeatherController.js,addcity,128,addcityOUT
2024-03-21 10:12:01.873,INFO,WeatherController.js,processTicksAndRejections,121,processTicksAndRejectionscity added sucessfully
2024-03-21 10:12:01.878,INFO,WeatherController.js,getcity,139,getcityIN
2024-03-21 10:12:01.879,ERROR,WeatherController.js,getcity,148,getcityLogin Failed
2024-03-21 10:12:01.880,INFO,WeatherController.js,getcity,166,getcityOUT
2024-03-21 10:12:01.884,INFO,WeatherController.js,processTicksAndRejections,160,processTicksAndRejectionsundefined
2024-03-21 10:14:58.907,INFO,WeatherController.js,getcity,139,getcityIN
2024-03-21 10:14:58.908,ERROR,WeatherController.js,getcity,148,getcityLogin Failed
2024-03-21 10:14:58.909,INFO,WeatherController.js,getcity,166,getcityOUT
2024-03-21 10:14:59.088,INFO,WeatherController.js,processTicksAndRejections,160,processTicksAndRejectionsundefined
2024-03-21 10:15:15.503,INFO,WeatherController.js,duplicatecity,177,duplicatecityIN
2024-03-21 10:15:15.504,INFO,WeatherController.js,duplicatecity,215,duplicatecityOUT
2024-03-21 10:15:15.697,INFO,WeatherController.js,addcity,99,addcityIN
2024-03-21 10:15:15.698,INFO,WeatherController.js,addcity,128,addcityOUT
2024-03-21 10:15:15.708,INFO,WeatherController.js,processTicksAndRejections,121,processTicksAndRejectionscity added sucessfully
2024-03-21 10:15:15.711,INFO,WeatherController.js,getcity,139,getcityIN
2024-03-21 10:15:15.713,ERROR,WeatherController.js,getcity,148,getcityLogin Failed
2024-03-21 10:15:15.713,INFO,WeatherController.js,getcity,166,getcityOUT
2024-03-21 10:15:15.716,INFO,WeatherController.js,processTicksAndRejections,160,processTicksAndRejectionsundefined
2024-03-21 10:15:39.028,INFO,WeatherController.js,getcity,139,getcityIN
2024-03-21 10:15:39.029,ERROR,WeatherController.js,getcity,148,getcityLogin Failed
2024-03-21 10:15:39.030,INFO,WeatherController.js,getcity,166,getcityOUT
2024-03-21 10:15:39.203,INFO,WeatherController.js,processTicksAndRejections,160,processTicksAndRejectionsundefined
2024-03-21 10:17:02.334,INFO,WeatherController.js,duplicatecity,177,duplicatecityIN
2024-03-21 10:17:02.335,INFO,WeatherController.js,duplicatecity,215,duplicatecityOUT
2024-03-21 10:34:16.901,INFO,UserController.js,login,61,loginIN
2024-03-21 10:34:17.181,INFO,UserController.js,login,98,loginOUT
2024-03-21 10:34:55.306,INFO,WeatherController.js,getcity,139,getcityIN
2024-03-21 10:34:55.307,ERROR,WeatherController.js,getcity,148,getcityLogin Failed
2024-03-21 10:34:55.308,INFO,WeatherController.js,getcity,166,getcityOUT
2024-03-21 10:34:55.510,INFO,WeatherController.js,processTicksAndRejections,160,processTicksAndRejectionsundefined
2024-03-21 10:36:00.636,INFO,WeatherController.js,getcity,139,getcityIN
2024-03-21 10:36:00.637,ERROR,WeatherController.js,getcity,148,getcityLogin Failed
2024-03-21 10:36:00.638,INFO,WeatherController.js,getcity,166,getcityOUT
2024-03-21 10:36:00.818,INFO,WeatherController.js,processTicksAndRejections,160,processTicksAndRejectionsundefined
2024-03-21 10:58:22.568,INFO,WeatherController.js,getcity,139,getcityIN
2024-03-21 10:58:22.570,ERROR,WeatherController.js,getcity,148,getcityLogin Failed
2024-03-21 10:58:22.577,INFO,WeatherController.js,getcity,166,getcityOUT
2024-03-21 10:58:22.846,INFO,WeatherController.js,processTicksAndRejections,160,processTicksAndRejectionsundefined
2024-03-21 10:58:31.718,INFO,WeatherController.js,getcity,139,getcityIN
2024-03-21 10:58:31.722,ERROR,WeatherController.js,getcity,148,getcityLogin Failed
2024-03-21 10:58:31.723,INFO,WeatherController.js,getcity,166,getcityOUT
2024-03-21 10:58:31.725,INFO,WeatherController.js,processTicksAndRejections,160,processTicksAndRejectionsundefined
2024-03-21 11:00:15.139,INFO,WeatherController.js,getcity,139,getcityIN
2024-03-21 11:00:15.149,ERROR,WeatherController.js,getcity,148,getcityLogin Failed
2024-03-21 11:00:15.155,INFO,WeatherController.js,getcity,166,getcityOUT
2024-03-21 11:00:15.419,INFO,WeatherController.js,processTicksAndRejections,160,processTicksAndRejectionsundefined
2024-03-21 11:00:23.260,INFO,WeatherController.js,getcity,139,getcityIN
2024-03-21 11:00:23.269,ERROR,WeatherController.js,getcity,148,getcityLogin Failed
2024-03-21 11:00:23.269,INFO,WeatherController.js,getcity,166,getcityOUT
2024-03-21 11:00:23.277,INFO,WeatherController.js,processTicksAndRejections,160,processTicksAndRejectionsundefined
2024-03-21 11:00:47.543,INFO,WeatherController.js,getcity,139,getcityIN
2024-03-21 11:00:47.549,ERROR,WeatherController.js,getcity,148,getcityLogin Failed
2024-03-21 11:00:47.552,INFO,WeatherController.js,getcity,166,getcityOUT
2024-03-21 11:00:47.774,INFO,WeatherController.js,processTicksAndRejections,160,processTicksAndRejectionsundefined
2024-03-21 11:01:38.094,INFO,WeatherController.js,getcity,139,getcityIN
2024-03-21 11:01:38.096,ERROR,WeatherController.js,getcity,148,getcityLogin Failed
2024-03-21 11:01:38.103,INFO,WeatherController.js,getcity,166,getcityOUT
2024-03-21 11:01:38.340,INFO,WeatherController.js,processTicksAndRejections,160,processTicksAndRejectionsundefined
2024-03-21 11:04:24.751,INFO,WeatherController.js,getcity,139,getcityIN
2024-03-21 11:04:24.754,ERROR,WeatherController.js,getcity,148,getcityLogin Failed
2024-03-21 11:04:24.756,INFO,WeatherController.js,getcity,166,getcityOUT
2024-03-21 11:04:25.017,INFO,WeatherController.js,processTicksAndRejections,160,processTicksAndRejectionsundefined
2024-03-21 11:04:40.062,INFO,WeatherController.js,duplicatecity,177,duplicatecityIN
2024-03-21 11:04:40.067,INFO,WeatherController.js,duplicatecity,215,duplicatecityOUT
2024-03-21 11:04:40.326,INFO,WeatherController.js,addcity,99,addcityIN
2024-03-21 11:04:40.328,INFO,WeatherController.js,addcity,128,addcityOUT
2024-03-21 11:04:40.428,INFO,WeatherController.js,processTicksAndRejections,121,processTicksAndRejectionscity added sucessfully
2024-03-21 11:04:40.432,INFO,WeatherController.js,getcity,139,getcityIN
2024-03-21 11:04:40.433,ERROR,WeatherController.js,getcity,148,getcityLogin Failed
2024-03-21 11:04:40.434,INFO,WeatherController.js,getcity,166,getcityOUT
2024-03-21 11:04:40.437,INFO,WeatherController.js,processTicksAndRejections,160,processTicksAndRejectionsundefined
2024-03-21 11:04:54.180,INFO,WeatherController.js,getcity,139,getcityIN
2024-03-21 11:04:54.185,ERROR,WeatherController.js,getcity,148,getcityLogin Failed
2024-03-21 11:04:54.186,INFO,WeatherController.js,getcity,166,getcityOUT
2024-03-21 11:04:54.442,INFO,WeatherController.js,processTicksAndRejections,160,processTicksAndRejectionsundefined
2024-03-21 11:05:31.780,INFO,WeatherController.js,duplicatecity,177,duplicatecityIN
2024-03-21 11:05:31.782,INFO,WeatherController.js,duplicatecity,215,duplicatecityOUT
2024-03-21 11:05:32.059,INFO,WeatherController.js,addcity,99,addcityIN
2024-03-21 11:05:32.061,INFO,WeatherController.js,addcity,128,addcityOUT
2024-03-21 11:05:32.092,INFO,WeatherController.js,processTicksAndRejections,121,processTicksAndRejectionscity added sucessfully
2024-03-21 11:05:32.106,INFO,WeatherController.js,getcity,139,getcityIN
2024-03-21 11:05:32.108,ERROR,WeatherController.js,getcity,148,getcityLogin Failed
2024-03-21 11:05:32.110,INFO,WeatherController.js,getcity,166,getcityOUT
2024-03-21 11:05:32.113,INFO,WeatherController.js,processTicksAndRejections,160,processTicksAndRejectionsundefined
2024-03-21 11:07:12.797,INFO,WeatherController.js,getcity,139,getcityIN
2024-03-21 11:07:12.801,ERROR,WeatherController.js,getcity,148,getcityLogin Failed
2024-03-21 11:07:12.805,INFO,WeatherController.js,getcity,166,getcityOUT
2024-03-21 11:07:13.096,INFO,WeatherController.js,processTicksAndRejections,160,processTicksAndRejectionsundefined
2024-03-21 11:07:29.090,INFO,WeatherController.js,duplicatecity,177,duplicatecityIN
2024-03-21 11:07:29.092,INFO,WeatherController.js,duplicatecity,215,duplicatecityOUT
2024-03-21 11:07:29.332,INFO,WeatherController.js,addcity,99,addcityIN
2024-03-21 11:07:29.333,INFO,WeatherController.js,addcity,128,addcityOUT
2024-03-21 11:07:29.343,INFO,WeatherController.js,processTicksAndRejections,121,processTicksAndRejectionscity added sucessfully
2024-03-21 11:07:29.349,INFO,WeatherController.js,getcity,139,getcityIN
2024-03-21 11:07:29.350,ERROR,WeatherController.js,getcity,148,getcityLogin Failed
2024-03-21 11:07:29.351,INFO,WeatherController.js,getcity,166,getcityOUT
2024-03-21 11:07:29.354,INFO,WeatherController.js,processTicksAndRejections,160,processTicksAndRejectionsundefined
2024-03-21 11:08:00.354,INFO,WeatherController.js,getcity,139,getcityIN
2024-03-21 11:08:00.361,ERROR,WeatherController.js,getcity,148,getcityLogin Failed
2024-03-21 11:08:00.362,INFO,WeatherController.js,getcity,166,getcityOUT
2024-03-21 11:08:00.585,INFO,WeatherController.js,processTicksAndRejections,160,processTicksAndRejectionsundefined
2024-03-21 11:08:23.394,INFO,WeatherController.js,duplicatecity,177,duplicatecityIN
2024-03-21 11:08:23.397,INFO,WeatherController.js,duplicatecity,215,duplicatecityOUT
2024-03-21 11:08:35.613,INFO,WeatherController.js,getcity,139,getcityIN
2024-03-21 11:08:35.614,ERROR,WeatherController.js,getcity,148,getcityLogin Failed
2024-03-21 11:08:35.615,INFO,WeatherController.js,getcity,166,getcityOUT
2024-03-21 11:08:35.832,INFO,WeatherController.js,processTicksAndRejections,160,processTicksAndRejectionsundefined
2024-03-21 11:14:21.020,INFO,WeatherController.js,getcity,139,getcityIN
2024-03-21 11:14:21.035,ERROR,WeatherController.js,getcity,148,getcityLogin Failed
2024-03-21 11:14:21.038,INFO,WeatherController.js,getcity,166,getcityOUT
2024-03-21 11:14:21.441,INFO,WeatherController.js,processTicksAndRejections,160,processTicksAndRejectionsundefined
2024-03-21 11:14:48.049,INFO,UserController.js,login,61,loginIN
2024-03-21 11:14:48.444,INFO,UserController.js,login,98,loginOUT
2024-03-21 11:14:53.309,INFO,WeatherController.js,getcity,139,getcityIN
2024-03-21 11:14:53.311,ERROR,WeatherController.js,getcity,148,getcityLogin Failed
2024-03-21 11:14:53.313,INFO,WeatherController.js,getcity,166,getcityOUT
2024-03-21 11:14:53.320,INFO,WeatherController.js,processTicksAndRejections,160,processTicksAndRejectionsundefined
2024-03-21 11:15:55.654,INFO,WeatherController.js,getcity,139,getcityIN
2024-03-21 11:15:55.656,ERROR,WeatherController.js,getcity,148,getcityLogin Failed
2024-03-21 11:15:55.658,INFO,WeatherController.js,getcity,166,getcityOUT
2024-03-21 11:15:55.916,INFO,WeatherController.js,processTicksAndRejections,160,processTicksAndRejectionsundefined
2024-03-21 11:17:16.198,INFO,WeatherController.js,duplicatecity,177,duplicatecityIN
2024-03-21 11:17:16.200,INFO,WeatherController.js,duplicatecity,215,duplicatecityOUT
2024-03-21 11:17:16.441,INFO,WeatherController.js,addcity,99,addcityIN
2024-03-21 11:17:16.443,INFO,WeatherController.js,addcity,128,addcityOUT
2024-03-21 11:17:16.496,INFO,WeatherController.js,processTicksAndRejections,121,processTicksAndRejectionscity added sucessfully
2024-03-21 11:17:16.504,INFO,WeatherController.js,getcity,139,getcityIN
2024-03-21 11:17:16.509,ERROR,WeatherController.js,getcity,148,getcityLogin Failed
2024-03-21 11:17:16.509,INFO,WeatherController.js,getcity,166,getcityOUT
2024-03-21 11:17:16.512,INFO,WeatherController.js,processTicksAndRejections,160,processTicksAndRejectionsundefined
2024-03-21 11:20:53.949,INFO,WeatherController.js,getcity,139,getcityIN
2024-03-21 11:20:53.951,ERROR,WeatherController.js,getcity,148,getcityLogin Failed
2024-03-21 11:20:53.952,INFO,WeatherController.js,getcity,166,getcityOUT
2024-03-21 11:20:54.258,INFO,WeatherController.js,processTicksAndRejections,160,processTicksAndRejectionsundefined
2024-03-21 11:22:19.839,INFO,WeatherController.js,getcity,139,getcityIN
2024-03-21 11:22:19.841,ERROR,WeatherController.js,getcity,148,getcityLogin Failed
2024-03-21 11:22:19.846,INFO,WeatherController.js,getcity,166,getcityOUT
2024-03-21 11:22:20.082,INFO,WeatherController.js,processTicksAndRejections,160,processTicksAndRejectionsundefined
2024-03-21 11:40:16.960,INFO,UserController.js,login,61,loginIN
2024-03-21 11:40:17.350,INFO,UserController.js,login,98,loginOUT
2024-03-21 11:40:23.239,INFO,WeatherController.js,getcity,139,getcityIN
2024-03-21 11:40:23.242,ERROR,WeatherController.js,getcity,148,getcityLogin Failed
2024-03-21 11:40:23.244,INFO,WeatherController.js,getcity,166,getcityOUT
2024-03-21 11:40:23.262,INFO,WeatherController.js,processTicksAndRejections,160,processTicksAndRejectionsundefined
2024-03-21 11:40:39.357,INFO,WeatherController.js,duplicatecity,177,duplicatecityIN
2024-03-21 11:40:39.360,INFO,WeatherController.js,duplicatecity,215,duplicatecityOUT
2024-03-21 11:42:00.372,INFO,WeatherController.js,getcity,139,getcityIN
2024-03-21 11:42:00.376,ERROR,WeatherController.js,getcity,148,getcityLogin Failed
2024-03-21 11:42:00.377,INFO,WeatherController.js,getcity,166,getcityOUT
2024-03-21 11:42:00.615,INFO,WeatherController.js,processTicksAndRejections,160,processTicksAndRejectionsundefined
2024-03-21 11:42:55.887,INFO,WeatherController.js,duplicatecity,177,duplicatecityIN
2024-03-21 11:42:55.892,INFO,WeatherController.js,duplicatecity,215,duplicatecityOUT
2024-03-21 11:45:54.691,INFO,WeatherController.js,getcity,139,getcityIN
2024-03-21 11:45:54.697,ERROR,WeatherController.js,getcity,148,getcityLogin Failed
2024-03-21 11:45:54.698,INFO,WeatherController.js,getcity,166,getcityOUT
2024-03-21 11:45:54.938,INFO,WeatherController.js,processTicksAndRejections,160,processTicksAndRejectionsundefined
2024-03-21 11:46:23.290,INFO,WeatherController.js,getcity,139,getcityIN
2024-03-21 11:46:23.302,ERROR,WeatherController.js,getcity,148,getcityLogin Failed
2024-03-21 11:46:23.304,INFO,WeatherController.js,getcity,166,getcityOUT
2024-03-21 11:46:23.598,INFO,WeatherController.js,processTicksAndRejections,160,processTicksAndRejectionsundefined
2024-03-21 11:46:24.545,INFO,WeatherController.js,getcity,139,getcityIN
2024-03-21 11:46:24.548,ERROR,WeatherController.js,getcity,148,getcityLogin Failed
2024-03-21 11:46:24.549,INFO,WeatherController.js,getcity,166,getcityOUT
2024-03-21 11:46:24.554,INFO,WeatherController.js,processTicksAndRejections,160,processTicksAndRejectionsundefined
2024-03-21 11:49:39.476,INFO,WeatherController.js,getcity,139,getcityIN
2024-03-21 11:49:39.479,ERROR,WeatherController.js,getcity,148,getcityLogin Failed
2024-03-21 11:49:39.480,INFO,WeatherController.js,getcity,166,getcityOUT
2024-03-21 11:49:39.722,INFO,WeatherController.js,processTicksAndRejections,160,processTicksAndRejectionsundefined
2024-03-21 11:53:00.190,INFO,WeatherController.js,getcity,139,getcityIN
2024-03-21 11:53:00.192,ERROR,WeatherController.js,getcity,148,getcityLogin Failed
2024-03-21 11:53:00.193,INFO,WeatherController.js,getcity,166,getcityOUT
2024-03-21 11:53:00.539,INFO,WeatherController.js,processTicksAndRejections,160,processTicksAndRejectionsundefined
2024-03-21 11:54:21.695,INFO,WeatherController.js,getcity,139,getcityIN
2024-03-21 11:54:21.698,ERROR,WeatherController.js,getcity,148,getcityLogin Failed
2024-03-21 11:54:21.700,INFO,WeatherController.js,getcity,166,getcityOUT
2024-03-21 11:54:21.988,INFO,WeatherController.js,processTicksAndRejections,160,processTicksAndRejectionsundefined
2024-03-21 11:55:05.888,INFO,WeatherController.js,getcity,139,getcityIN
2024-03-21 11:55:05.889,ERROR,WeatherController.js,getcity,148,getcityLogin Failed
2024-03-21 11:55:05.891,INFO,WeatherController.js,getcity,166,getcityOUT
2024-03-21 11:55:06.233,INFO,WeatherController.js,processTicksAndRejections,160,processTicksAndRejectionsundefined
2024-03-21 11:56:21.831,INFO,WeatherController.js,getcity,139,getcityIN
2024-03-21 11:56:21.832,ERROR,WeatherController.js,getcity,148,getcityLogin Failed
2024-03-21 11:56:21.834,INFO,WeatherController.js,getcity,166,getcityOUT
2024-03-21 11:56:22.073,INFO,WeatherController.js,processTicksAndRejections,160,processTicksAndRejectionsundefined
2024-03-21 11:56:56.587,INFO,WeatherController.js,getcity,139,getcityIN
2024-03-21 11:56:56.588,ERROR,WeatherController.js,getcity,148,getcityLogin Failed
2024-03-21 11:56:56.589,INFO,WeatherController.js,getcity,166,getcityOUT
2024-03-21 11:56:56.851,INFO,WeatherController.js,processTicksAndRejections,160,processTicksAndRejectionsundefined
2024-03-21 11:57:14.053,INFO,WeatherController.js,getcity,139,getcityIN
2024-03-21 11:57:14.055,ERROR,WeatherController.js,getcity,148,getcityLogin Failed
2024-03-21 11:57:14.056,INFO,WeatherController.js,getcity,166,getcityOUT
2024-03-21 11:57:14.323,INFO,WeatherController.js,processTicksAndRejections,160,processTicksAndRejectionsundefined
2024-03-21 11:57:34.533,INFO,WeatherController.js,getcity,139,getcityIN
2024-03-21 11:57:34.539,ERROR,WeatherController.js,getcity,148,getcityLogin Failed
2024-03-21 11:57:34.542,INFO,WeatherController.js,getcity,166,getcityOUT
2024-03-21 11:57:34.798,INFO,WeatherController.js,processTicksAndRejections,160,processTicksAndRejectionsundefined
2024-03-21 11:59:30.926,INFO,WeatherController.js,getcity,139,getcityIN
2024-03-21 11:59:30.932,ERROR,WeatherController.js,getcity,148,getcityLogin Failed
2024-03-21 11:59:30.935,INFO,WeatherController.js,getcity,166,getcityOUT
2024-03-21 11:59:31.170,INFO,WeatherController.js,processTicksAndRejections,160,processTicksAndRejectionsundefined
2024-03-21 11:59:38.992,INFO,WeatherController.js,getcity,139,getcityIN
2024-03-21 11:59:38.993,ERROR,WeatherController.js,getcity,148,getcityLogin Failed
2024-03-21 11:59:38.994,INFO,WeatherController.js,getcity,166,getcityOUT
2024-03-21 11:59:38.998,INFO,WeatherController.js,processTicksAndRejections,160,processTicksAndRejectionsundefined
2024-03-21 12:00:27.073,INFO,WeatherController.js,getcity,139,getcityIN
2024-03-21 12:00:27.074,ERROR,WeatherController.js,getcity,148,getcityLogin Failed
2024-03-21 12:00:27.075,INFO,WeatherController.js,getcity,166,getcityOUT
2024-03-21 12:00:27.329,INFO,WeatherController.js,processTicksAndRejections,160,processTicksAndRejectionsundefined
2024-03-21 12:01:20.538,INFO,WeatherController.js,getcity,139,getcityIN
2024-03-21 12:01:20.539,ERROR,WeatherController.js,getcity,148,getcityLogin Failed
2024-03-21 12:01:20.540,INFO,WeatherController.js,getcity,166,getcityOUT
2024-03-21 12:01:20.791,INFO,WeatherController.js,processTicksAndRejections,160,processTicksAndRejectionsundefined
2024-03-21 12:01:35.976,INFO,WeatherController.js,getcity,139,getcityIN
2024-03-21 12:01:35.980,ERROR,WeatherController.js,getcity,148,getcityLogin Failed
2024-03-21 12:01:35.984,INFO,WeatherController.js,getcity,166,getcityOUT
2024-03-21 12:01:36.286,INFO,WeatherController.js,processTicksAndRejections,160,processTicksAndRejectionsundefined
2024-03-21 12:02:05.195,INFO,UserController.js,login,61,loginIN
2024-03-21 12:02:05.484,INFO,UserController.js,login,98,loginOUT
2024-03-21 12:02:10.953,INFO,WeatherController.js,getcity,139,getcityIN
2024-03-21 12:02:10.955,ERROR,WeatherController.js,getcity,148,getcityLogin Failed
2024-03-21 12:02:10.956,INFO,WeatherController.js,getcity,166,getcityOUT
2024-03-21 12:02:10.961,INFO,WeatherController.js,processTicksAndRejections,160,processTicksAndRejectionsundefined
2024-03-21 12:02:35.620,INFO,UserController.js,login,61,loginIN
2024-03-21 12:02:35.934,INFO,UserController.js,login,98,loginOUT
2024-03-21 12:02:46.811,INFO,WeatherController.js,getcity,139,getcityIN
2024-03-21 12:02:46.812,ERROR,WeatherController.js,getcity,148,getcityLogin Failed
2024-03-21 12:02:46.813,INFO,WeatherController.js,getcity,166,getcityOUT
2024-03-21 12:02:47.047,INFO,WeatherController.js,processTicksAndRejections,160,processTicksAndRejectionsundefined
2024-03-21 12:04:08.331,INFO,WeatherController.js,getcity,139,getcityIN
2024-03-21 12:04:08.331,ERROR,WeatherController.js,getcity,148,getcityLogin Failed
2024-03-21 12:04:08.333,INFO,WeatherController.js,getcity,166,getcityOUT
2024-03-21 12:04:08.548,INFO,WeatherController.js,processTicksAndRejections,160,processTicksAndRejectionsundefined
2024-03-21 12:04:36.066,INFO,WeatherController.js,getcity,139,getcityIN
2024-03-21 12:04:36.069,ERROR,WeatherController.js,getcity,148,getcityLogin Failed
2024-03-21 12:04:36.073,INFO,WeatherController.js,getcity,166,getcityOUT
2024-03-21 12:04:36.357,INFO,WeatherController.js,processTicksAndRejections,160,processTicksAndRejectionsundefined
2024-03-21 12:05:19.384,INFO,WeatherController.js,getcity,139,getcityIN
2024-03-21 12:05:19.386,ERROR,WeatherController.js,getcity,148,getcityLogin Failed
2024-03-21 12:05:19.391,INFO,WeatherController.js,getcity,166,getcityOUT
2024-03-21 12:05:19.652,INFO,WeatherController.js,processTicksAndRejections,160,processTicksAndRejectionsundefined
2024-03-21 12:07:13.814,INFO,WeatherController.js,getcity,139,getcityIN
2024-03-21 12:07:13.821,ERROR,WeatherController.js,getcity,148,getcityLogin Failed
2024-03-21 12:07:13.825,INFO,WeatherController.js,getcity,166,getcityOUT
2024-03-21 12:07:14.065,INFO,WeatherController.js,processTicksAndRejections,160,processTicksAndRejectionsundefined
2024-03-21 12:31:05.364,INFO,UserController.js,login,61,loginIN
2024-03-21 12:31:05.764,INFO,UserController.js,login,98,loginOUT
2024-03-21 12:33:12.358,INFO,UserController.js,login,61,loginIN
2024-03-21 12:33:12.743,INFO,UserController.js,login,98,loginOUT
2024-03-21 12:33:18.947,INFO,WeatherController.js,getcity,139,getcityIN
2024-03-21 12:33:18.949,ERROR,WeatherController.js,getcity,148,getcityLogin Failed
2024-03-21 12:33:18.959,INFO,WeatherController.js,getcity,166,getcityOUT
2024-03-21 12:33:18.974,INFO,WeatherController.js,processTicksAndRejections,160,processTicksAndRejectionsundefined
2024-03-21 12:36:05.052,INFO,WeatherController.js,getcity,139,getcityIN
2024-03-21 12:36:05.058,ERROR,WeatherController.js,getcity,148,getcityLogin Failed
2024-03-21 12:36:05.059,INFO,WeatherController.js,getcity,166,getcityOUT
2024-03-21 12:36:05.311,INFO,WeatherController.js,processTicksAndRejections,160,processTicksAndRejectionsundefined
2024-03-21 12:37:59.805,INFO,WeatherController.js,getcity,139,getcityIN
2024-03-21 12:37:59.812,ERROR,WeatherController.js,getcity,148,getcityLogin Failed
2024-03-21 12:37:59.814,INFO,WeatherController.js,getcity,166,getcityOUT
2024-03-21 12:38:00.073,INFO,WeatherController.js,processTicksAndRejections,160,processTicksAndRejectionsundefined
2024-03-21 12:38:41.875,INFO,WeatherController.js,getcity,139,getcityIN
2024-03-21 12:38:41.883,ERROR,WeatherController.js,getcity,148,getcityLogin Failed
2024-03-21 12:38:41.885,INFO,WeatherController.js,getcity,166,getcityOUT
2024-03-21 12:38:42.130,INFO,WeatherController.js,processTicksAndRejections,160,processTicksAndRejectionsundefined
2024-03-21 12:39:06.544,INFO,WeatherController.js,getcity,139,getcityIN
2024-03-21 12:39:06.552,ERROR,WeatherController.js,getcity,148,getcityLogin Failed
2024-03-21 12:39:06.554,INFO,WeatherController.js,getcity,166,getcityOUT
2024-03-21 12:39:06.842,INFO,WeatherController.js,processTicksAndRejections,160,processTicksAndRejectionsundefined
2024-03-21 12:39:25.825,INFO,WeatherController.js,getcity,139,getcityIN
2024-03-21 12:39:25.828,ERROR,WeatherController.js,getcity,148,getcityLogin Failed
2024-03-21 12:39:25.830,INFO,WeatherController.js,getcity,166,getcityOUT
2024-03-21 12:39:26.061,INFO,WeatherController.js,processTicksAndRejections,160,processTicksAndRejectionsundefined
2024-03-21 12:41:06.727,INFO,WeatherController.js,duplicatecity,177,duplicatecityIN
2024-03-21 12:41:06.728,INFO,WeatherController.js,duplicatecity,215,duplicatecityOUT
2024-03-21 13:56:59.654,INFO,WeatherController.js,getcity,139,getcityIN
2024-03-21 13:56:59.660,ERROR,WeatherController.js,getcity,148,getcityLogin Failed
2024-03-21 13:56:59.665,INFO,WeatherController.js,getcity,166,getcityOUT
2024-03-21 13:57:50.066,INFO,UserController.js,login,61,loginIN
2024-03-21 13:57:50.494,INFO,UserController.js,login,98,loginOUT
2024-03-21 13:57:55.955,INFO,WeatherController.js,getcity,139,getcityIN
2024-03-21 13:57:55.958,ERROR,WeatherController.js,getcity,148,getcityLogin Failed
2024-03-21 13:57:55.960,INFO,WeatherController.js,getcity,166,getcityOUT
2024-03-21 13:57:55.977,INFO,WeatherController.js,processTicksAndRejections,160,processTicksAndRejectionsundefined
2024-03-21 14:00:04.093,INFO,WeatherController.js,getcity,139,getcityIN
2024-03-21 14:00:04.096,ERROR,WeatherController.js,getcity,148,getcityLogin Failed
2024-03-21 14:00:04.099,INFO,WeatherController.js,getcity,166,getcityOUT
2024-03-21 14:00:04.529,INFO,WeatherController.js,processTicksAndRejections,160,processTicksAndRejectionsundefined
2024-03-21 14:01:06.553,INFO,WeatherController.js,getcity,139,getcityIN
2024-03-21 14:01:06.557,ERROR,WeatherController.js,getcity,148,getcityLogin Failed
2024-03-21 14:01:06.560,INFO,WeatherController.js,getcity,166,getcityOUT
2024-03-21 14:01:07.020,INFO,WeatherController.js,processTicksAndRejections,160,processTicksAndRejectionsundefined
2024-03-21 14:01:23.159,INFO,UserController.js,login,61,loginIN
2024-03-21 14:01:23.504,INFO,UserController.js,login,98,loginOUT
2024-03-21 14:01:29.405,INFO,WeatherController.js,getcity,139,getcityIN
2024-03-21 14:01:29.417,ERROR,WeatherController.js,getcity,148,getcityLogin Failed
2024-03-21 14:01:29.419,INFO,WeatherController.js,getcity,166,getcityOUT
2024-03-21 14:01:29.438,INFO,WeatherController.js,processTicksAndRejections,160,processTicksAndRejectionsundefined
2024-03-21 14:01:44.306,INFO,WeatherController.js,getcity,139,getcityIN
2024-03-21 14:01:44.310,ERROR,WeatherController.js,getcity,148,getcityLogin Failed
2024-03-21 14:01:44.311,INFO,WeatherController.js,getcity,166,getcityOUT
2024-03-21 14:01:44.545,INFO,WeatherController.js,processTicksAndRejections,160,processTicksAndRejectionsundefined
2024-03-21 14:02:34.107,INFO,WeatherController.js,getcity,139,getcityIN
2024-03-21 14:02:34.109,ERROR,WeatherController.js,getcity,148,getcityLogin Failed
2024-03-21 14:02:34.111,INFO,WeatherController.js,getcity,166,getcityOUT
2024-03-21 14:02:34.345,INFO,WeatherController.js,processTicksAndRejections,160,processTicksAndRejectionsundefined
2024-03-21 14:12:48.553,INFO,WeatherController.js,getcity,139,getcityIN
2024-03-21 14:12:48.563,ERROR,WeatherController.js,getcity,148,getcityLogin Failed
2024-03-21 14:12:48.565,INFO,WeatherController.js,getcity,166,getcityOUT
2024-03-21 14:12:48.807,INFO,WeatherController.js,processTicksAndRejections,160,processTicksAndRejectionsundefined
2024-03-21 14:23:45.238,INFO,WeatherController.js,getcity,139,getcityIN
2024-03-21 14:23:45.239,ERROR,WeatherController.js,getcity,148,getcityLogin Failed
2024-03-21 14:23:45.240,INFO,WeatherController.js,getcity,166,getcityOUT
2024-03-21 14:23:45.397,INFO,WeatherController.js,processTicksAndRejections,160,processTicksAndRejectionsundefined
2024-03-21 14:26:45.293,INFO,WeatherController.js,duplicatecity,177,duplicatecityIN
2024-03-21 14:26:45.294,INFO,WeatherController.js,duplicatecity,215,duplicatecityOUT
2024-03-21 14:26:59.547,INFO,WeatherController.js,duplicatecity,177,duplicatecityIN
2024-03-21 14:26:59.547,INFO,WeatherController.js,duplicatecity,215,duplicatecityOUT
2024-03-21 14:26:59.798,INFO,WeatherController.js,addcity,99,addcityIN
2024-03-21 14:26:59.799,INFO,WeatherController.js,addcity,128,addcityOUT
2024-03-21 14:26:59.889,INFO,WeatherController.js,processTicksAndRejections,121,processTicksAndRejectionscity added sucessfully
2024-03-21 14:26:59.894,INFO,WeatherController.js,getcity,139,getcityIN
2024-03-21 14:26:59.894,ERROR,WeatherController.js,getcity,148,getcityLogin Failed
2024-03-21 14:26:59.895,INFO,WeatherController.js,getcity,166,getcityOUT
2024-03-21 14:26:59.896,INFO,WeatherController.js,processTicksAndRejections,160,processTicksAndRejectionsundefined
2024-03-21 14:28:40.026,INFO,WeatherController.js,getcity,139,getcityIN
2024-03-21 14:28:40.027,ERROR,WeatherController.js,getcity,148,getcityLogin Failed
2024-03-21 14:28:40.028,INFO,WeatherController.js,getcity,166,getcityOUT
2024-03-21 14:28:40.192,INFO,WeatherController.js,processTicksAndRejections,160,processTicksAndRejectionsundefined
2024-03-21 14:29:06.895,INFO,WeatherController.js,duplicatecity,177,duplicatecityIN
2024-03-21 14:29:06.896,INFO,WeatherController.js,duplicatecity,215,duplicatecityOUT
2024-03-21 14:29:07.101,INFO,WeatherController.js,addcity,99,addcityIN
2024-03-21 14:29:07.102,INFO,WeatherController.js,addcity,128,addcityOUT
2024-03-21 14:29:07.112,INFO,WeatherController.js,processTicksAndRejections,121,processTicksAndRejectionscity added sucessfully
2024-03-21 14:29:07.115,INFO,WeatherController.js,getcity,139,getcityIN
2024-03-21 14:29:07.118,ERROR,WeatherController.js,getcity,148,getcityLogin Failed
2024-03-21 14:29:07.119,INFO,WeatherController.js,getcity,166,getcityOUT
2024-03-21 14:29:07.121,INFO,WeatherController.js,processTicksAndRejections,160,processTicksAndRejectionsundefined
2024-03-21 14:29:41.009,INFO,WeatherController.js,getcity,139,getcityIN
2024-03-21 14:29:41.010,ERROR,WeatherController.js,getcity,148,getcityLogin Failed
2024-03-21 14:29:41.011,INFO,WeatherController.js,getcity,166,getcityOUT
2024-03-21 14:29:41.184,INFO,WeatherController.js,processTicksAndRejections,160,processTicksAndRejectionsundefined
2024-03-21 14:30:17.362,INFO,WeatherController.js,duplicatecity,177,duplicatecityIN
2024-03-21 14:30:17.363,INFO,WeatherController.js,duplicatecity,215,duplicatecityOUT
2024-03-21 14:30:17.541,INFO,WeatherController.js,addcity,99,addcityIN
2024-03-21 14:30:17.543,INFO,WeatherController.js,addcity,128,addcityOUT
2024-03-21 14:30:17.550,INFO,WeatherController.js,processTicksAndRejections,121,processTicksAndRejectionscity added sucessfully
2024-03-21 14:30:17.554,INFO,WeatherController.js,getcity,139,getcityIN
2024-03-21 14:30:17.555,ERROR,WeatherController.js,getcity,148,getcityLogin Failed
2024-03-21 14:30:17.556,INFO,WeatherController.js,getcity,166,getcityOUT
2024-03-21 14:30:17.557,INFO,WeatherController.js,processTicksAndRejections,160,processTicksAndRejectionsundefined
2024-03-21 14:32:29.534,INFO,WeatherController.js,getcity,139,getcityIN
2024-03-21 14:32:29.534,ERROR,WeatherController.js,getcity,148,getcityLogin Failed
2024-03-21 14:32:29.535,INFO,WeatherController.js,getcity,166,getcityOUT
2024-03-21 14:32:29.719,INFO,WeatherController.js,processTicksAndRejections,160,processTicksAndRejectionsundefined
2024-03-21 14:34:05.063,INFO,WeatherController.js,getcity,139,getcityIN
2024-03-21 14:34:05.064,ERROR,WeatherController.js,getcity,148,getcityLogin Failed
2024-03-21 14:34:05.065,INFO,WeatherController.js,getcity,166,getcityOUT
2024-03-21 14:34:05.208,INFO,WeatherController.js,processTicksAndRejections,160,processTicksAndRejectionsundefined
2024-03-21 14:34:23.342,INFO,WeatherController.js,duplicatecity,177,duplicatecityIN
2024-03-21 14:34:23.343,INFO,WeatherController.js,duplicatecity,215,duplicatecityOUT
2024-03-21 14:34:23.525,INFO,WeatherController.js,addcity,99,addcityIN
2024-03-21 14:34:23.526,INFO,WeatherController.js,addcity,128,addcityOUT
2024-03-21 14:34:23.534,INFO,WeatherController.js,processTicksAndRejections,121,processTicksAndRejectionscity added sucessfully
2024-03-21 14:34:23.540,INFO,WeatherController.js,getcity,139,getcityIN
2024-03-21 14:34:23.541,ERROR,WeatherController.js,getcity,148,getcityLogin Failed
2024-03-21 14:34:23.541,INFO,WeatherController.js,getcity,166,getcityOUT
2024-03-21 14:34:23.543,INFO,WeatherController.js,processTicksAndRejections,160,processTicksAndRejectionsundefined
2024-03-21 14:40:05.606,INFO,WeatherController.js,getcity,139,getcityIN
2024-03-21 14:40:05.607,ERROR,WeatherController.js,getcity,148,getcityLogin Failed
2024-03-21 14:40:05.609,INFO,WeatherController.js,getcity,166,getcityOUT
2024-03-21 14:40:05.768,INFO,WeatherController.js,processTicksAndRejections,160,processTicksAndRejectionsundefined
2024-03-21 14:40:06.240,INFO,WeatherController.js,getcity,139,getcityIN
2024-03-21 14:40:06.241,ERROR,WeatherController.js,getcity,148,getcityLogin Failed
2024-03-21 14:40:06.242,INFO,WeatherController.js,getcity,166,getcityOUT
2024-03-21 14:40:06.243,INFO,WeatherController.js,processTicksAndRejections,160,processTicksAndRejectionsundefined
2024-03-21 14:40:21.188,INFO,WeatherController.js,getcity,139,getcityIN
2024-03-21 14:40:21.189,ERROR,WeatherController.js,getcity,148,getcityLogin Failed
2024-03-21 14:40:21.190,INFO,WeatherController.js,getcity,166,getcityOUT
2024-03-21 14:40:21.350,INFO,WeatherController.js,processTicksAndRejections,160,processTicksAndRejectionsundefined
2024-03-21 14:40:47.283,INFO,WeatherController.js,getcity,139,getcityIN
2024-03-21 14:40:47.284,ERROR,WeatherController.js,getcity,148,getcityLogin Failed
2024-03-21 14:40:47.284,INFO,WeatherController.js,getcity,166,getcityOUT
2024-03-21 14:40:47.459,INFO,WeatherController.js,processTicksAndRejections,160,processTicksAndRejectionsundefined
2024-03-21 14:42:45.045,INFO,WeatherController.js,getcity,139,getcityIN
2024-03-21 14:42:45.046,ERROR,WeatherController.js,getcity,148,getcityLogin Failed
2024-03-21 14:42:45.047,INFO,WeatherController.js,getcity,166,getcityOUT
2024-03-21 14:42:45.209,INFO,WeatherController.js,processTicksAndRejections,160,processTicksAndRejectionsundefined
2024-03-21 14:43:17.223,INFO,UserController.js,login,61,loginIN
2024-03-21 14:43:17.480,INFO,UserController.js,login,98,loginOUT
2024-03-21 14:43:22.915,INFO,WeatherController.js,getcity,139,getcityIN
2024-03-21 14:43:22.915,ERROR,WeatherController.js,getcity,148,getcityLogin Failed
2024-03-21 14:43:22.916,INFO,WeatherController.js,getcity,166,getcityOUT
2024-03-21 14:43:22.918,INFO,WeatherController.js,processTicksAndRejections,160,processTicksAndRejectionsundefined
2024-03-21 14:47:23.156,INFO,UserController.js,duplicateEmail,110,duplicateEmailIN
2024-03-21 14:47:23.330,INFO,UserController.js,duplicateEmail,129,duplicateEmailOUT
2024-03-21 14:48:16.948,INFO,UserController.js,login,61,loginIN
2024-03-21 14:48:30.613,INFO,UserController.js,login,61,loginIN
2024-03-21 14:48:30.916,INFO,UserController.js,login,98,loginOUT
2024-03-21 14:57:44.587,INFO,WeatherController.js,getcity,139,getcityIN
2024-03-21 14:57:44.592,ERROR,WeatherController.js,getcity,148,getcityLogin Failed
2024-03-21 14:57:44.595,INFO,WeatherController.js,getcity,166,getcityOUT
2024-03-21 14:57:44.858,INFO,WeatherController.js,processTicksAndRejections,160,processTicksAndRejectionsundefined
2024-03-21 14:57:54.621,INFO,WeatherController.js,getcity,139,getcityIN
2024-03-21 14:57:54.624,ERROR,WeatherController.js,getcity,148,getcityLogin Failed
2024-03-21 14:57:54.626,INFO,WeatherController.js,getcity,166,getcityOUT
2024-03-21 14:57:54.630,INFO,WeatherController.js,processTicksAndRejections,160,processTicksAndRejectionsundefined
2024-03-21 15:06:31.852,INFO,UserController.js,login,61,loginIN
2024-03-21 15:06:32.206,INFO,UserController.js,login,98,loginOUT
2024-03-21 15:06:37.721,INFO,WeatherController.js,getcity,139,getcityIN
2024-03-21 15:06:37.723,ERROR,WeatherController.js,getcity,148,getcityLogin Failed
2024-03-21 15:06:37.723,INFO,WeatherController.js,getcity,166,getcityOUT
2024-03-21 15:06:37.736,INFO,WeatherController.js,processTicksAndRejections,160,processTicksAndRejectionsundefined
2024-03-21 15:07:24.838,INFO,WeatherController.js,getcity,139,getcityIN
2024-03-21 15:07:24.855,ERROR,WeatherController.js,getcity,148,getcityLogin Failed
2024-03-21 15:07:24.857,INFO,WeatherController.js,getcity,166,getcityOUT
2024-03-21 15:07:25.079,INFO,WeatherController.js,processTicksAndRejections,160,processTicksAndRejectionsundefined
2024-03-21 15:07:59.812,INFO,WeatherController.js,getcity,139,getcityIN
2024-03-21 15:07:59.815,ERROR,WeatherController.js,getcity,148,getcityLogin Failed
2024-03-21 15:07:59.817,INFO,WeatherController.js,getcity,166,getcityOUT
2024-03-21 15:08:00.064,INFO,WeatherController.js,processTicksAndRejections,160,processTicksAndRejectionsundefined
2024-03-21 15:08:28.760,INFO,WeatherController.js,getcity,139,getcityIN
2024-03-21 15:08:28.762,ERROR,WeatherController.js,getcity,148,getcityLogin Failed
2024-03-21 15:08:28.763,INFO,WeatherController.js,getcity,166,getcityOUT
2024-03-21 15:08:29.077,INFO,WeatherController.js,processTicksAndRejections,160,processTicksAndRejectionsundefined
2024-03-21 15:18:27.519,INFO,UserController.js,login,61,loginIN
2024-03-21 15:18:27.525,INFO,UserController.js,login,61,loginIN
2024-03-21 15:18:27.527,INFO,UserController.js,login,61,loginIN
2024-03-21 15:18:27.528,INFO,UserController.js,login,61,loginIN
2024-03-21 15:18:27.531,INFO,UserController.js,login,61,loginIN
2024-03-21 15:18:27.532,INFO,UserController.js,login,61,loginIN
2024-03-21 15:21:08.976,INFO,UserController.js,login,61,loginIN
2024-03-21 15:21:09.414,INFO,UserController.js,login,98,loginOUT
2024-03-21 15:22:49.847,INFO,WeatherController.js,getcity,139,getcityIN
2024-03-21 15:22:49.853,ERROR,WeatherController.js,getcity,148,getcityLogin Failed
2024-03-21 15:22:49.864,INFO,WeatherController.js,getcity,166,getcityOUT
2024-03-21 15:22:50.207,INFO,WeatherController.js,processTicksAndRejections,160,processTicksAndRejectionsundefined
2024-03-21 15:23:35.220,INFO,WeatherController.js,getcity,139,getcityIN
2024-03-21 15:23:35.236,ERROR,WeatherController.js,getcity,148,getcityLogin Failed
2024-03-21 15:23:35.239,INFO,WeatherController.js,getcity,166,getcityOUT
2024-03-21 15:23:35.452,INFO,WeatherController.js,processTicksAndRejections,160,processTicksAndRejectionsundefined
2024-03-21 15:28:11.205,INFO,UserController.js,login,61,loginIN
2024-03-21 15:28:11.515,INFO,UserController.js,login,98,loginOUT
2024-03-21 15:29:57.784,INFO,WeatherController.js,getcity,139,getcityIN
2024-03-21 15:29:57.786,ERROR,WeatherController.js,getcity,148,getcityLogin Failed
2024-03-21 15:29:57.789,INFO,WeatherController.js,getcity,166,getcityOUT
2024-03-21 15:29:58.025,INFO,WeatherController.js,processTicksAndRejections,160,processTicksAndRejectionsundefined
2024-03-21 15:30:14.090,INFO,WeatherController.js,getcity,139,getcityIN
2024-03-21 15:30:14.092,ERROR,WeatherController.js,getcity,148,getcityLogin Failed
2024-03-21 15:30:14.094,INFO,WeatherController.js,getcity,166,getcityOUT
2024-03-21 15:30:14.334,INFO,WeatherController.js,processTicksAndRejections,160,processTicksAndRejectionsundefined
2024-03-21 15:48:36.146,INFO,WeatherController.js,getcity,139,getcityIN
2024-03-21 15:48:36.152,ERROR,WeatherController.js,getcity,148,getcityLogin Failed
2024-03-21 15:48:36.162,INFO,WeatherController.js,getcity,166,getcityOUT
2024-03-21 15:48:36.474,INFO,WeatherController.js,processTicksAndRejections,160,processTicksAndRejectionsundefined
2024-03-21 15:50:01.532,INFO,UserController.js,login,61,loginIN
2024-03-21 15:50:01.854,INFO,UserController.js,login,98,loginOUT
2024-03-21 15:50:35.980,INFO,WeatherController.js,getcity,139,getcityIN
2024-03-21 15:50:35.991,ERROR,WeatherController.js,getcity,148,getcityLogin Failed
2024-03-21 15:50:35.995,INFO,WeatherController.js,getcity,166,getcityOUT
2024-03-21 15:50:36.293,INFO,WeatherController.js,processTicksAndRejections,160,processTicksAndRejectionsundefined
2024-03-21 15:51:40.749,INFO,WeatherController.js,getcity,139,getcityIN
2024-03-21 15:51:40.750,ERROR,WeatherController.js,getcity,148,getcityLogin Failed
2024-03-21 15:51:40.752,INFO,WeatherController.js,getcity,166,getcityOUT
2024-03-21 15:51:41.029,INFO,WeatherController.js,processTicksAndRejections,160,processTicksAndRejectionsundefined
2024-03-21 15:57:51.032,INFO,UserController.js,login,61,loginIN
2024-03-21 15:57:51.396,INFO,UserController.js,login,98,loginOUT
2024-03-21 16:17:22.111,INFO,UserController.js,login,61,loginIN
2024-03-21 16:17:22.466,INFO,UserController.js,login,98,loginOUT
2024-03-21 16:34:15.223,INFO,UserController.js,login,61,loginIN
2024-03-21 16:34:15.530,INFO,UserController.js,login,98,loginOUT
2024-03-21 16:51:56.906,INFO,WeatherController.js,getcity,139,getcityIN
2024-03-21 16:51:56.908,ERROR,WeatherController.js,getcity,148,getcityLogin Failed
2024-03-21 16:51:56.909,INFO,WeatherController.js,getcity,166,getcityOUT
2024-03-21 16:51:57.076,INFO,WeatherController.js,processTicksAndRejections,160,processTicksAndRejectionsundefined
2024-03-21 16:52:13.026,INFO,UserController.js,login,61,loginIN
2024-03-21 16:52:13.319,INFO,UserController.js,login,98,loginOUT
2024-03-21 16:53:19.335,INFO,WeatherController.js,getcity,139,getcityIN
2024-03-21 16:53:19.336,ERROR,WeatherController.js,getcity,148,getcityLogin Failed
2024-03-21 16:53:19.337,INFO,WeatherController.js,getcity,166,getcityOUT
2024-03-21 16:53:19.539,INFO,WeatherController.js,processTicksAndRejections,160,processTicksAndRejectionsundefined
2024-03-21 16:53:58.593,INFO,WeatherController.js,getcity,139,getcityIN
2024-03-21 16:53:58.594,ERROR,WeatherController.js,getcity,148,getcityLogin Failed
2024-03-21 16:53:58.595,INFO,WeatherController.js,getcity,166,getcityOUT
2024-03-21 16:53:58.781,INFO,WeatherController.js,processTicksAndRejections,160,processTicksAndRejectionsundefined
2024-03-21 16:54:14.968,INFO,WeatherController.js,getcity,139,getcityIN
2024-03-21 16:54:14.969,ERROR,WeatherController.js,getcity,148,getcityLogin Failed
2024-03-21 16:54:14.970,INFO,WeatherController.js,getcity,166,getcityOUT
2024-03-21 16:54:15.151,INFO,WeatherController.js,processTicksAndRejections,160,processTicksAndRejectionsundefined
2024-03-21 16:54:55.281,INFO,WeatherController.js,duplicatecity,177,duplicatecityIN
2024-03-21 16:54:55.283,INFO,WeatherController.js,duplicatecity,215,duplicatecityOUT
2024-03-21 16:55:23.001,INFO,WeatherController.js,duplicatecity,177,duplicatecityIN
2024-03-21 16:55:23.001,INFO,WeatherController.js,duplicatecity,215,duplicatecityOUT
2024-03-21 16:55:23.181,INFO,WeatherController.js,addcity,99,addcityIN
2024-03-21 16:55:23.182,INFO,WeatherController.js,addcity,128,addcityOUT
2024-03-21 16:55:23.274,INFO,WeatherController.js,processTicksAndRejections,121,processTicksAndRejectionscity added sucessfully
2024-03-21 16:55:23.281,INFO,WeatherController.js,getcity,139,getcityIN
2024-03-21 16:55:23.282,ERROR,WeatherController.js,getcity,148,getcityLogin Failed
2024-03-21 16:55:23.282,INFO,WeatherController.js,getcity,166,getcityOUT
2024-03-21 16:55:23.285,INFO,WeatherController.js,processTicksAndRejections,160,processTicksAndRejectionsundefined
2024-03-21 16:56:30.063,INFO,WeatherController.js,getcity,139,getcityIN
2024-03-21 16:56:30.064,ERROR,WeatherController.js,getcity,148,getcityLogin Failed
2024-03-21 16:56:30.065,INFO,WeatherController.js,getcity,166,getcityOUT
2024-03-21 16:56:30.263,INFO,WeatherController.js,processTicksAndRejections,160,processTicksAndRejectionsundefined
2024-03-21 16:57:05.401,INFO,WeatherController.js,duplicatecity,177,duplicatecityIN
2024-03-21 16:57:05.402,INFO,WeatherController.js,duplicatecity,215,duplicatecityOUT
2024-03-21 16:57:05.573,INFO,WeatherController.js,addcity,99,addcityIN
2024-03-21 16:57:05.574,INFO,WeatherController.js,addcity,128,addcityOUT
2024-03-21 16:57:05.582,INFO,WeatherController.js,processTicksAndRejections,121,processTicksAndRejectionscity added sucessfully
2024-03-21 16:57:05.586,INFO,WeatherController.js,getcity,139,getcityIN
2024-03-21 16:57:05.586,ERROR,WeatherController.js,getcity,148,getcityLogin Failed
2024-03-21 16:57:05.587,INFO,WeatherController.js,getcity,166,getcityOUT
2024-03-21 16:57:05.589,INFO,WeatherController.js,processTicksAndRejections,160,processTicksAndRejectionsundefined
2024-03-21 16:58:07.769,INFO,UserController.js,duplicateEmail,110,duplicateEmailIN
2024-03-21 16:58:07.979,INFO,UserController.js,duplicateEmail,129,duplicateEmailOUT
2024-03-21 16:58:07.983,INFO,UserController.js,register,36,registerIN
2024-03-21 16:58:08.077,INFO,UserController.js,register,51,registerOUT
2024-03-21 16:58:20.730,INFO,UserController.js,login,61,loginIN
2024-03-21 16:58:21.041,INFO,UserController.js,login,98,loginOUT
2024-03-21 16:58:28.182,INFO,WeatherController.js,getcity,139,getcityIN
2024-03-21 16:58:28.183,ERROR,WeatherController.js,getcity,148,getcityLogin Failed
2024-03-21 16:58:28.183,INFO,WeatherController.js,getcity,166,getcityOUT
2024-03-21 16:58:28.186,INFO,WeatherController.js,processTicksAndRejections,160,processTicksAndRejectionsundefined
2024-03-21 16:58:42.089,INFO,WeatherController.js,duplicatecity,177,duplicatecityIN
2024-03-21 16:58:42.090,INFO,WeatherController.js,duplicatecity,215,duplicatecityOUT
2024-03-21 16:58:42.269,INFO,WeatherController.js,addcity,99,addcityIN
2024-03-21 16:58:42.270,INFO,WeatherController.js,addcity,128,addcityOUT
2024-03-21 16:58:42.280,INFO,WeatherController.js,processTicksAndRejections,121,processTicksAndRejectionscity added sucessfully
2024-03-21 16:58:42.285,INFO,WeatherController.js,getcity,139,getcityIN
2024-03-21 16:58:42.286,ERROR,WeatherController.js,getcity,148,getcityLogin Failed
2024-03-21 16:58:42.286,INFO,WeatherController.js,getcity,166,getcityOUT
2024-03-21 16:58:42.287,INFO,WeatherController.js,processTicksAndRejections,160,processTicksAndRejectionsundefined
