2024-04-01 08:29:36.041,DEBUG,UserController.js,login,61,IN
2024-04-01 08:29:36.708,INFO,UserController.js,login,89,User Logged In successfully
2024-04-01 08:29:36.719,DEBUG,UserController.js,login,100,OUT
2024-04-01 08:37:38.043,DEBUG,UserController.js,login,61,IN
2024-04-01 08:37:38.693,INFO,UserController.js,login,89,User Logged In successfully
2024-04-01 08:37:38.695,DEBUG,UserController.js,login,100,OUT
2024-04-01 08:37:43.447,DEBUG,WeatherController.js,getcity,141,IN
2024-04-01 08:37:43.450,ERROR,WeatherController.js,getcity,150,Login Failed
2024-04-01 08:37:43.458,DEBUG,WeatherController.js,getcity,169,OUT
2024-04-01 08:37:43.482,INFO,WeatherController.js,processTicksAndRejections,161,city fetched sucessfully
2024-04-01 08:37:54.954,DEBUG,WeatherController.js,getcity,141,IN
2024-04-01 08:37:54.958,ERROR,WeatherController.js,getcity,150,Login Failed
2024-04-01 08:37:54.961,DEBUG,WeatherController.js,getcity,169,OUT
2024-04-01 08:37:55.345,INFO,WeatherController.js,processTicksAndRejections,161,city fetched sucessfully
2024-04-01 08:38:26.352,DEBUG,WeatherController.js,getcity,141,IN
2024-04-01 08:38:26.357,ERROR,WeatherController.js,getcity,150,Login Failed
2024-04-01 08:38:26.359,DEBUG,WeatherController.js,getcity,169,OUT
2024-04-01 08:38:26.923,INFO,WeatherController.js,processTicksAndRejections,161,city fetched sucessfully
2024-04-01 08:39:20.649,DEBUG,WeatherController.js,getcity,141,IN
2024-04-01 08:39:20.651,ERROR,WeatherController.js,getcity,150,Login Failed
2024-04-01 08:39:20.653,DEBUG,WeatherController.js,getcity,169,OUT
2024-04-01 08:39:21.082,INFO,WeatherController.js,processTicksAndRejections,161,city fetched sucessfully
2024-04-01 08:39:31.168,DEBUG,WeatherController.js,getcity,141,IN
2024-04-01 08:39:31.170,ERROR,WeatherController.js,getcity,150,Login Failed
2024-04-01 08:39:31.174,DEBUG,WeatherController.js,getcity,169,OUT
2024-04-01 08:39:31.576,INFO,WeatherController.js,processTicksAndRejections,161,city fetched sucessfully
2024-04-01 08:40:00.250,DEBUG,WeatherController.js,getcity,141,IN
2024-04-01 08:40:00.253,ERROR,WeatherController.js,getcity,150,Login Failed
2024-04-01 08:40:00.255,DEBUG,WeatherController.js,getcity,169,OUT
2024-04-01 08:40:00.753,INFO,WeatherController.js,processTicksAndRejections,161,city fetched sucessfully
2024-04-01 08:40:38.311,DEBUG,UserController.js,login,61,IN
2024-04-01 08:40:39.196,INFO,UserController.js,login,89,User Logged In successfully
2024-04-01 08:40:39.197,DEBUG,UserController.js,login,100,OUT
2024-04-01 08:40:45.129,DEBUG,WeatherController.js,getcity,141,IN
2024-04-01 08:40:45.133,ERROR,WeatherController.js,getcity,150,Login Failed
2024-04-01 08:40:45.136,DEBUG,WeatherController.js,getcity,169,OUT
2024-04-01 08:40:45.157,INFO,WeatherController.js,processTicksAndRejections,161,city fetched sucessfully
2024-04-01 08:42:10.462,DEBUG,WeatherController.js,getcity,141,IN
2024-04-01 08:42:10.465,ERROR,WeatherController.js,getcity,150,Login Failed
2024-04-01 08:42:10.468,DEBUG,WeatherController.js,getcity,169,OUT
2024-04-01 08:42:10.820,INFO,WeatherController.js,processTicksAndRejections,161,city fetched sucessfully
2024-04-01 08:42:23.952,DEBUG,WeatherController.js,getcity,141,IN
2024-04-01 08:42:23.956,ERROR,WeatherController.js,getcity,150,Login Failed
2024-04-01 08:42:23.960,DEBUG,WeatherController.js,getcity,169,OUT
2024-04-01 08:42:24.474,INFO,WeatherController.js,processTicksAndRejections,161,city fetched sucessfully
2024-04-01 08:45:53.844,DEBUG,WeatherController.js,getcity,141,IN
2024-04-01 08:45:53.848,ERROR,WeatherController.js,getcity,150,Login Failed
2024-04-01 08:45:53.850,DEBUG,WeatherController.js,getcity,169,OUT
2024-04-01 08:45:54.302,INFO,WeatherController.js,processTicksAndRejections,161,city fetched sucessfully
2024-04-01 08:46:57.110,DEBUG,UserController.js,login,61,IN
2024-04-01 08:46:57.701,INFO,UserController.js,login,89,User Logged In successfully
2024-04-01 08:46:57.703,DEBUG,UserController.js,login,100,OUT
2024-04-01 08:47:02.456,DEBUG,WeatherController.js,getcity,141,IN
2024-04-01 08:47:02.459,ERROR,WeatherController.js,getcity,150,Login Failed
2024-04-01 08:47:02.463,DEBUG,WeatherController.js,getcity,169,OUT
2024-04-01 08:47:02.486,INFO,WeatherController.js,processTicksAndRejections,161,city fetched sucessfully
2024-04-01 08:48:00.914,DEBUG,WeatherController.js,getcity,141,IN
2024-04-01 08:48:00.915,ERROR,WeatherController.js,getcity,150,Login Failed
2024-04-01 08:48:00.922,DEBUG,WeatherController.js,getcity,169,OUT
2024-04-01 08:48:01.374,INFO,WeatherController.js,processTicksAndRejections,161,city fetched sucessfully
2024-04-01 08:48:19.730,DEBUG,UserController.js,login,61,IN
2024-04-01 08:48:20.091,INFO,UserController.js,login,89,User Logged In successfully
2024-04-01 08:48:20.092,DEBUG,UserController.js,login,100,OUT
2024-04-01 08:53:43.272,DEBUG,UserController.js,login,61,IN
2024-04-01 08:53:43.555,INFO,UserController.js,login,89,User Logged In successfully
2024-04-01 08:53:43.555,DEBUG,UserController.js,login,100,OUT
2024-04-01 08:53:49.356,DEBUG,WeatherController.js,getcity,141,IN
2024-04-01 08:53:49.357,ERROR,WeatherController.js,getcity,150,Login Failed
2024-04-01 08:53:49.358,DEBUG,WeatherController.js,getcity,169,OUT
2024-04-01 08:53:49.363,INFO,WeatherController.js,processTicksAndRejections,161,city fetched sucessfully
2024-04-01 08:56:47.286,DEBUG,WeatherController.js,getcity,141,IN
2024-04-01 08:56:47.287,ERROR,WeatherController.js,getcity,150,Login Failed
2024-04-01 08:56:47.289,DEBUG,WeatherController.js,getcity,169,OUT
2024-04-01 08:56:47.455,INFO,WeatherController.js,processTicksAndRejections,161,city fetched sucessfully
2024-04-01 08:57:07.476,DEBUG,WeatherController.js,duplicatecity,180,IN
2024-04-01 08:57:07.477,DEBUG,WeatherController.js,duplicatecity,218,OUT
2024-04-01 08:57:07.691,DEBUG,WeatherController.js,addcity,99,IN
2024-04-01 08:57:07.694,DEBUG,WeatherController.js,addcity,130,OUT
2024-04-01 08:57:08.061,INFO,WeatherController.js,processTicksAndRejections,120,city added sucessfully
2024-04-01 08:57:08.063,INFO,WeatherController.js,processTicksAndRejections,123,city added sucessfully
2024-04-01 08:57:08.069,DEBUG,WeatherController.js,getcity,141,IN
2024-04-01 08:57:08.069,ERROR,WeatherController.js,getcity,150,Login Failed
2024-04-01 08:57:08.070,DEBUG,WeatherController.js,getcity,169,OUT
2024-04-01 08:57:08.073,INFO,WeatherController.js,processTicksAndRejections,161,city fetched sucessfully
2024-04-01 08:57:20.642,DEBUG,WeatherController.js,getcity,141,IN
2024-04-01 08:57:20.642,ERROR,WeatherController.js,getcity,150,Login Failed
2024-04-01 08:57:20.644,DEBUG,WeatherController.js,getcity,169,OUT
2024-04-01 08:57:20.812,INFO,WeatherController.js,processTicksAndRejections,161,city fetched sucessfully
2024-04-01 08:57:48.004,DEBUG,WeatherController.js,getcity,141,IN
2024-04-01 08:57:48.006,ERROR,WeatherController.js,getcity,150,Login Failed
2024-04-01 08:57:48.008,DEBUG,WeatherController.js,getcity,169,OUT
2024-04-01 08:57:48.340,INFO,WeatherController.js,processTicksAndRejections,161,city fetched sucessfully
2024-04-01 08:59:17.972,DEBUG,UserController.js,login,61,IN
2024-04-01 08:59:18.231,INFO,UserController.js,login,89,User Logged In successfully
2024-04-01 08:59:18.232,DEBUG,UserController.js,login,100,OUT
2024-04-01 08:59:21.143,DEBUG,WeatherController.js,getcity,141,IN
2024-04-01 08:59:21.144,ERROR,WeatherController.js,getcity,150,Login Failed
2024-04-01 08:59:21.145,DEBUG,WeatherController.js,getcity,169,OUT
2024-04-01 08:59:21.149,INFO,WeatherController.js,processTicksAndRejections,161,city fetched sucessfully
2024-04-01 09:02:08.541,DEBUG,UserController.js,login,61,IN
2024-04-01 09:02:16.248,DEBUG,UserController.js,login,61,IN
2024-04-01 09:02:16.306,INFO,UserController.js,login,89,User Logged In successfully
2024-04-01 09:02:16.307,DEBUG,UserController.js,login,100,OUT
2024-04-01 09:05:55.679,DEBUG,UserController.js,login,61,IN
2024-04-01 09:05:56.126,INFO,UserController.js,login,89,User Logged In successfully
2024-04-01 09:05:56.129,DEBUG,UserController.js,login,100,OUT
2024-04-01 09:06:00.598,DEBUG,WeatherController.js,getcity,141,IN
2024-04-01 09:06:00.600,ERROR,WeatherController.js,getcity,150,Login Failed
2024-04-01 09:06:00.603,DEBUG,WeatherController.js,getcity,169,OUT
2024-04-01 09:06:00.614,INFO,WeatherController.js,processTicksAndRejections,161,city fetched sucessfully
2024-04-01 09:06:35.922,DEBUG,WeatherController.js,getcity,141,IN
2024-04-01 09:06:35.923,ERROR,WeatherController.js,getcity,150,Login Failed
2024-04-01 09:06:35.925,DEBUG,WeatherController.js,getcity,169,OUT
2024-04-01 09:06:36.101,INFO,WeatherController.js,processTicksAndRejections,161,city fetched sucessfully
2024-04-01 09:07:17.366,DEBUG,WeatherController.js,getcity,141,IN
2024-04-01 09:07:17.369,ERROR,WeatherController.js,getcity,150,Login Failed
2024-04-01 09:07:17.370,DEBUG,WeatherController.js,getcity,169,OUT
2024-04-01 09:07:17.529,INFO,WeatherController.js,processTicksAndRejections,161,city fetched sucessfully
2024-04-01 09:07:36.231,DEBUG,WeatherController.js,getcity,141,IN
2024-04-01 09:07:36.232,ERROR,WeatherController.js,getcity,150,Login Failed
2024-04-01 09:07:36.233,DEBUG,WeatherController.js,getcity,169,OUT
2024-04-01 09:07:36.400,INFO,WeatherController.js,processTicksAndRejections,161,city fetched sucessfully
2024-04-01 09:09:01.629,DEBUG,UserController.js,login,61,IN
2024-04-01 09:09:02.110,INFO,UserController.js,login,89,User Logged In successfully
2024-04-01 09:09:02.118,DEBUG,UserController.js,login,100,OUT
2024-04-01 09:09:08.042,DEBUG,WeatherController.js,getcity,141,IN
2024-04-01 09:09:08.044,ERROR,WeatherController.js,getcity,150,Login Failed
2024-04-01 09:09:08.049,DEBUG,WeatherController.js,getcity,169,OUT
2024-04-01 09:09:08.060,INFO,WeatherController.js,processTicksAndRejections,161,city fetched sucessfully
2024-04-01 09:09:41.917,DEBUG,UserController.js,login,61,IN
2024-04-01 09:09:42.210,INFO,UserController.js,login,89,User Logged In successfully
2024-04-01 09:09:42.212,DEBUG,UserController.js,login,100,OUT
2024-04-01 09:10:36.290,DEBUG,UserController.js,login,61,IN
2024-04-01 09:10:36.577,INFO,UserController.js,login,89,User Logged In successfully
2024-04-01 09:10:36.580,DEBUG,UserController.js,login,100,OUT
2024-04-01 09:11:14.609,DEBUG,UserController.js,login,61,IN
2024-04-01 09:11:14.911,INFO,UserController.js,login,89,User Logged In successfully
2024-04-01 09:11:14.912,DEBUG,UserController.js,login,100,OUT
2024-04-01 09:11:20.219,DEBUG,WeatherController.js,getcity,141,IN
2024-04-01 09:11:20.220,ERROR,WeatherController.js,getcity,150,Login Failed
2024-04-01 09:11:20.223,DEBUG,WeatherController.js,getcity,169,OUT
2024-04-01 09:11:20.230,INFO,WeatherController.js,processTicksAndRejections,161,city fetched sucessfully
2024-04-01 09:11:50.640,DEBUG,WeatherController.js,getcity,141,IN
2024-04-01 09:11:50.641,ERROR,WeatherController.js,getcity,150,Login Failed
2024-04-01 09:11:50.642,DEBUG,WeatherController.js,getcity,169,OUT
2024-04-01 09:11:50.791,INFO,WeatherController.js,processTicksAndRejections,161,city fetched sucessfully
2024-04-01 09:12:02.755,DEBUG,WeatherController.js,getcity,141,IN
2024-04-01 09:12:02.756,ERROR,WeatherController.js,getcity,150,Login Failed
2024-04-01 09:12:02.757,DEBUG,WeatherController.js,getcity,169,OUT
2024-04-01 09:12:02.913,INFO,WeatherController.js,processTicksAndRejections,161,city fetched sucessfully
2024-04-01 09:12:23.708,DEBUG,WeatherController.js,getcity,141,IN
2024-04-01 09:12:23.709,ERROR,WeatherController.js,getcity,150,Login Failed
2024-04-01 09:12:23.711,DEBUG,WeatherController.js,getcity,169,OUT
2024-04-01 09:12:23.891,INFO,WeatherController.js,processTicksAndRejections,161,city fetched sucessfully
2024-04-01 09:12:35.330,DEBUG,WeatherController.js,getcity,141,IN
2024-04-01 09:12:35.331,ERROR,WeatherController.js,getcity,150,Login Failed
2024-04-01 09:12:35.332,DEBUG,WeatherController.js,getcity,169,OUT
2024-04-01 09:12:35.590,INFO,WeatherController.js,processTicksAndRejections,161,city fetched sucessfully
2024-04-01 09:30:23.995,DEBUG,UserController.js,login,61,IN
2024-04-01 09:30:24.322,INFO,UserController.js,login,89,User Logged In successfully
2024-04-01 09:30:24.326,DEBUG,UserController.js,login,100,OUT
2024-04-01 09:34:19.902,DEBUG,UserController.js,login,61,IN
2024-04-01 09:34:20.264,INFO,UserController.js,login,89,User Logged In successfully
2024-04-01 09:34:20.267,DEBUG,UserController.js,login,100,OUT
2024-04-01 09:35:05.289,DEBUG,WeatherController.js,getcity,141,IN
2024-04-01 09:35:05.290,ERROR,WeatherController.js,getcity,150,Login Failed
2024-04-01 09:35:05.294,DEBUG,WeatherController.js,getcity,169,OUT
2024-04-01 09:35:05.476,INFO,WeatherController.js,processTicksAndRejections,161,city fetched sucessfully
2024-04-01 09:35:27.134,DEBUG,WeatherController.js,getcity,141,IN
2024-04-01 09:35:27.136,ERROR,WeatherController.js,getcity,150,Login Failed
2024-04-01 09:35:27.138,DEBUG,WeatherController.js,getcity,169,OUT
2024-04-01 09:35:27.264,INFO,WeatherController.js,processTicksAndRejections,161,city fetched sucessfully
2024-04-01 09:59:46.066,DEBUG,WeatherController.js,getcity,141,IN
2024-04-01 09:59:46.068,ERROR,WeatherController.js,getcity,150,Login Failed
2024-04-01 09:59:46.070,DEBUG,WeatherController.js,getcity,169,OUT
2024-04-01 09:59:46.259,INFO,WeatherController.js,processTicksAndRejections,161,city fetched sucessfully
2024-04-01 10:00:13.652,DEBUG,WeatherController.js,getcity,141,IN
2024-04-01 10:00:13.653,ERROR,WeatherController.js,getcity,150,Login Failed
2024-04-01 10:00:13.655,DEBUG,WeatherController.js,getcity,169,OUT
2024-04-01 10:00:13.836,INFO,WeatherController.js,processTicksAndRejections,161,city fetched sucessfully
2024-04-01 10:00:38.262,DEBUG,WeatherController.js,getcity,141,IN
2024-04-01 10:00:38.263,ERROR,WeatherController.js,getcity,150,Login Failed
2024-04-01 10:00:38.265,DEBUG,WeatherController.js,getcity,169,OUT
2024-04-01 10:00:38.419,INFO,WeatherController.js,processTicksAndRejections,161,city fetched sucessfully
2024-04-01 10:02:59.237,DEBUG,WeatherController.js,getcity,141,IN
2024-04-01 10:02:59.237,ERROR,WeatherController.js,getcity,150,Login Failed
2024-04-01 10:02:59.238,DEBUG,WeatherController.js,getcity,169,OUT
2024-04-01 10:02:59.414,INFO,WeatherController.js,processTicksAndRejections,161,city fetched sucessfully
2024-04-01 10:03:11.012,DEBUG,WeatherController.js,getcity,141,IN
2024-04-01 10:03:11.013,ERROR,WeatherController.js,getcity,150,Login Failed
2024-04-01 10:03:11.014,DEBUG,WeatherController.js,getcity,169,OUT
2024-04-01 10:03:11.180,INFO,WeatherController.js,processTicksAndRejections,161,city fetched sucessfully
2024-04-01 10:04:44.982,DEBUG,WeatherController.js,getcity,141,IN
2024-04-01 10:04:44.983,ERROR,WeatherController.js,getcity,150,Login Failed
2024-04-01 10:04:44.985,DEBUG,WeatherController.js,getcity,169,OUT
2024-04-01 10:04:45.177,INFO,WeatherController.js,processTicksAndRejections,161,city fetched sucessfully
2024-04-01 10:05:45.017,DEBUG,WeatherController.js,getcity,141,IN
2024-04-01 10:05:45.018,ERROR,WeatherController.js,getcity,150,Login Failed
2024-04-01 10:05:45.020,DEBUG,WeatherController.js,getcity,169,OUT
2024-04-01 10:05:45.166,INFO,WeatherController.js,processTicksAndRejections,161,city fetched sucessfully
2024-04-01 10:06:58.428,DEBUG,WeatherController.js,getcity,141,IN
2024-04-01 10:06:58.428,ERROR,WeatherController.js,getcity,150,Login Failed
2024-04-01 10:06:58.429,DEBUG,WeatherController.js,getcity,169,OUT
2024-04-01 10:06:58.602,INFO,WeatherController.js,processTicksAndRejections,161,city fetched sucessfully
2024-04-01 10:07:29.811,DEBUG,WeatherController.js,getcity,141,IN
2024-04-01 10:07:29.812,ERROR,WeatherController.js,getcity,150,Login Failed
2024-04-01 10:07:29.813,DEBUG,WeatherController.js,getcity,169,OUT
2024-04-01 10:07:29.968,INFO,WeatherController.js,processTicksAndRejections,161,city fetched sucessfully
2024-04-01 10:08:02.110,DEBUG,WeatherController.js,getcity,141,IN
2024-04-01 10:08:02.111,ERROR,WeatherController.js,getcity,150,Login Failed
2024-04-01 10:08:02.112,DEBUG,WeatherController.js,getcity,169,OUT
2024-04-01 10:08:02.279,INFO,WeatherController.js,processTicksAndRejections,161,city fetched sucessfully
2024-04-01 10:09:52.377,DEBUG,WeatherController.js,getcity,141,IN
2024-04-01 10:09:52.378,ERROR,WeatherController.js,getcity,150,Login Failed
2024-04-01 10:09:52.380,DEBUG,WeatherController.js,getcity,169,OUT
2024-04-01 10:09:52.419,INFO,WeatherController.js,processTicksAndRejections,161,city fetched sucessfully
2024-04-01 10:10:41.137,DEBUG,WeatherController.js,getcity,141,IN
2024-04-01 10:10:41.139,ERROR,WeatherController.js,getcity,150,Login Failed
2024-04-01 10:10:41.140,DEBUG,WeatherController.js,getcity,169,OUT
2024-04-01 10:10:41.179,INFO,WeatherController.js,processTicksAndRejections,161,city fetched sucessfully
2024-04-01 10:13:03.978,DEBUG,WeatherController.js,getcity,141,IN
2024-04-01 10:13:03.979,ERROR,WeatherController.js,getcity,150,Login Failed
2024-04-01 10:13:03.980,DEBUG,WeatherController.js,getcity,169,OUT
2024-04-01 10:13:04.019,INFO,WeatherController.js,processTicksAndRejections,161,city fetched sucessfully
2024-04-01 10:13:38.110,DEBUG,WeatherController.js,getcity,141,IN
2024-04-01 10:13:38.110,ERROR,WeatherController.js,getcity,150,Login Failed
2024-04-01 10:13:38.111,DEBUG,WeatherController.js,getcity,169,OUT
2024-04-01 10:13:38.156,INFO,WeatherController.js,processTicksAndRejections,161,city fetched sucessfully
2024-04-01 10:14:58.460,DEBUG,WeatherController.js,getcity,141,IN
2024-04-01 10:14:58.461,ERROR,WeatherController.js,getcity,150,Login Failed
2024-04-01 10:14:58.462,DEBUG,WeatherController.js,getcity,169,OUT
2024-04-01 10:14:58.618,INFO,WeatherController.js,processTicksAndRejections,161,city fetched sucessfully
2024-04-01 10:21:21.873,DEBUG,UserController.js,login,61,IN
2024-04-01 10:21:22.092,INFO,UserController.js,login,89,User Logged In successfully
2024-04-01 10:21:22.093,DEBUG,UserController.js,login,100,OUT
2024-04-01 10:21:33.032,DEBUG,WeatherController.js,getcity,141,IN
2024-04-01 10:21:33.032,ERROR,WeatherController.js,getcity,150,Login Failed
2024-04-01 10:21:33.033,DEBUG,WeatherController.js,getcity,169,OUT
2024-04-01 10:21:33.198,INFO,WeatherController.js,processTicksAndRejections,161,city fetched sucessfully
2024-04-01 10:21:54.216,DEBUG,WeatherController.js,getcity,141,IN
2024-04-01 10:21:54.217,ERROR,WeatherController.js,getcity,150,Login Failed
2024-04-01 10:21:54.218,DEBUG,WeatherController.js,getcity,169,OUT
2024-04-01 10:21:54.368,INFO,WeatherController.js,processTicksAndRejections,161,city fetched sucessfully
2024-04-01 10:22:41.479,DEBUG,WeatherController.js,getcity,141,IN
2024-04-01 10:22:41.479,ERROR,WeatherController.js,getcity,150,Login Failed
2024-04-01 10:22:41.480,DEBUG,WeatherController.js,getcity,169,OUT
2024-04-01 10:22:41.655,INFO,WeatherController.js,processTicksAndRejections,161,city fetched sucessfully
2024-04-01 10:24:00.410,DEBUG,WeatherController.js,getcity,141,IN
2024-04-01 10:24:00.411,ERROR,WeatherController.js,getcity,150,Login Failed
2024-04-01 10:24:00.413,DEBUG,WeatherController.js,getcity,169,OUT
2024-04-01 10:24:00.584,INFO,WeatherController.js,processTicksAndRejections,161,city fetched sucessfully
2024-04-01 10:26:00.431,DEBUG,UserController.js,login,61,IN
2024-04-01 10:26:00.758,INFO,UserController.js,login,89,User Logged In successfully
2024-04-01 10:26:00.763,DEBUG,UserController.js,login,100,OUT
2024-04-01 10:26:10.895,DEBUG,WeatherController.js,getcity,141,IN
2024-04-01 10:26:10.897,ERROR,WeatherController.js,getcity,150,Login Failed
2024-04-01 10:26:10.900,DEBUG,WeatherController.js,getcity,169,OUT
2024-04-01 10:26:11.071,INFO,WeatherController.js,processTicksAndRejections,161,city fetched sucessfully
2024-04-01 10:29:52.304,DEBUG,WeatherController.js,getcity,141,IN
2024-04-01 10:29:52.306,ERROR,WeatherController.js,getcity,150,Login Failed
2024-04-01 10:29:52.308,DEBUG,WeatherController.js,getcity,169,OUT
2024-04-01 10:29:52.506,INFO,WeatherController.js,processTicksAndRejections,161,city fetched sucessfully
2024-04-01 10:31:34.205,DEBUG,WeatherController.js,getcity,141,IN
2024-04-01 10:31:34.207,ERROR,WeatherController.js,getcity,150,Login Failed
2024-04-01 10:31:34.208,DEBUG,WeatherController.js,getcity,169,OUT
2024-04-01 10:31:34.354,INFO,WeatherController.js,processTicksAndRejections,161,city fetched sucessfully
2024-04-01 10:33:11.410,DEBUG,WeatherController.js,getcity,141,IN
2024-04-01 10:33:11.411,ERROR,WeatherController.js,getcity,150,Login Failed
2024-04-01 10:33:11.412,DEBUG,WeatherController.js,getcity,169,OUT
2024-04-01 10:33:11.588,INFO,WeatherController.js,processTicksAndRejections,161,city fetched sucessfully
2024-04-01 10:34:05.956,DEBUG,UserController.js,login,61,IN
2024-04-01 10:34:06.243,INFO,UserController.js,login,89,User Logged In successfully
2024-04-01 10:34:06.244,DEBUG,UserController.js,login,100,OUT
2024-04-01 10:34:24.213,DEBUG,WeatherController.js,getcity,141,IN
2024-04-01 10:34:24.214,ERROR,WeatherController.js,getcity,150,Login Failed
2024-04-01 10:34:24.215,DEBUG,WeatherController.js,getcity,169,OUT
2024-04-01 10:34:24.391,INFO,WeatherController.js,processTicksAndRejections,161,city fetched sucessfully
2024-04-01 10:37:08.204,DEBUG,WeatherController.js,getcity,141,IN
2024-04-01 10:37:08.205,ERROR,WeatherController.js,getcity,150,Login Failed
2024-04-01 10:37:08.207,DEBUG,WeatherController.js,getcity,169,OUT
2024-04-01 10:37:08.346,INFO,WeatherController.js,processTicksAndRejections,161,city fetched sucessfully
2024-04-01 10:38:11.929,DEBUG,WeatherController.js,getcity,141,IN
2024-04-01 10:38:11.929,ERROR,WeatherController.js,getcity,150,Login Failed
2024-04-01 10:38:11.931,DEBUG,WeatherController.js,getcity,169,OUT
2024-04-01 10:38:12.106,INFO,WeatherController.js,processTicksAndRejections,161,city fetched sucessfully
2024-04-01 10:39:29.388,DEBUG,WeatherController.js,getcity,141,IN
2024-04-01 10:39:29.389,ERROR,WeatherController.js,getcity,150,Login Failed
2024-04-01 10:39:29.390,DEBUG,WeatherController.js,getcity,169,OUT
2024-04-01 10:39:29.571,INFO,WeatherController.js,processTicksAndRejections,161,city fetched sucessfully
2024-04-01 10:40:22.641,DEBUG,WeatherController.js,getcity,141,IN
2024-04-01 10:40:22.642,ERROR,WeatherController.js,getcity,150,Login Failed
2024-04-01 10:40:22.644,DEBUG,WeatherController.js,getcity,169,OUT
2024-04-01 10:40:22.826,INFO,WeatherController.js,processTicksAndRejections,161,city fetched sucessfully
2024-04-01 10:42:17.546,DEBUG,WeatherController.js,getcity,141,IN
2024-04-01 10:42:17.547,ERROR,WeatherController.js,getcity,150,Login Failed
2024-04-01 10:42:17.548,DEBUG,WeatherController.js,getcity,169,OUT
2024-04-01 10:42:17.731,INFO,WeatherController.js,processTicksAndRejections,161,city fetched sucessfully
2024-04-01 10:56:51.116,DEBUG,WeatherController.js,getcity,141,IN
2024-04-01 10:56:51.117,ERROR,WeatherController.js,getcity,150,Login Failed
2024-04-01 10:56:51.118,DEBUG,WeatherController.js,getcity,169,OUT
2024-04-01 10:56:51.297,INFO,WeatherController.js,processTicksAndRejections,161,city fetched sucessfully
2024-04-01 11:01:22.078,DEBUG,WeatherController.js,getcity,141,IN
2024-04-01 11:01:22.081,ERROR,WeatherController.js,getcity,150,Login Failed
2024-04-01 11:01:22.082,DEBUG,WeatherController.js,getcity,169,OUT
2024-04-01 11:01:22.252,INFO,WeatherController.js,processTicksAndRejections,161,city fetched sucessfully
2024-04-01 11:04:12.181,DEBUG,WeatherController.js,getcity,141,IN
2024-04-01 11:04:12.182,ERROR,WeatherController.js,getcity,150,Login Failed
2024-04-01 11:04:12.185,DEBUG,WeatherController.js,getcity,169,OUT
2024-04-01 11:04:12.332,INFO,WeatherController.js,processTicksAndRejections,161,city fetched sucessfully
2024-04-01 11:04:26.597,DEBUG,WeatherController.js,getcity,141,IN
2024-04-01 11:04:26.598,ERROR,WeatherController.js,getcity,150,Login Failed
2024-04-01 11:04:26.599,DEBUG,WeatherController.js,getcity,169,OUT
2024-04-01 11:04:26.772,INFO,WeatherController.js,processTicksAndRejections,161,city fetched sucessfully
2024-04-01 11:33:03.446,DEBUG,UserController.js,login,61,IN
2024-04-01 11:33:03.689,INFO,UserController.js,login,89,User Logged In successfully
2024-04-01 11:33:03.690,DEBUG,UserController.js,login,100,OUT
2024-04-01 11:33:09.084,DEBUG,WeatherController.js,getcity,141,IN
2024-04-01 11:33:09.085,ERROR,WeatherController.js,getcity,150,Login Failed
2024-04-01 11:33:09.085,DEBUG,WeatherController.js,getcity,169,OUT
2024-04-01 11:33:09.091,INFO,WeatherController.js,processTicksAndRejections,161,city fetched sucessfully
2024-04-01 11:40:42.700,DEBUG,WeatherController.js,getcity,141,IN
2024-04-01 11:40:42.701,ERROR,WeatherController.js,getcity,150,Login Failed
2024-04-01 11:40:42.702,DEBUG,WeatherController.js,getcity,169,OUT
2024-04-01 11:40:42.856,INFO,WeatherController.js,processTicksAndRejections,161,city fetched sucessfully
2024-04-01 11:43:30.984,DEBUG,UserController.js,login,61,IN
2024-04-01 11:43:31.276,INFO,UserController.js,login,89,User Logged In successfully
2024-04-01 11:43:31.277,DEBUG,UserController.js,login,100,OUT
2024-04-01 12:02:37.281,DEBUG,UserController.js,login,61,IN
2024-04-01 12:02:37.641,INFO,UserController.js,login,89,User Logged In successfully
2024-04-01 12:02:37.643,DEBUG,UserController.js,login,100,OUT
2024-04-01 12:09:23.464,DEBUG,UserController.js,login,61,IN
2024-04-01 12:09:23.894,INFO,UserController.js,login,89,User Logged In successfully
2024-04-01 12:09:23.901,DEBUG,UserController.js,login,100,OUT
2024-04-01 12:09:27.836,DEBUG,WeatherController.js,getcity,141,IN
2024-04-01 12:09:27.838,ERROR,WeatherController.js,getcity,150,Login Failed
2024-04-01 12:09:27.846,DEBUG,WeatherController.js,getcity,169,OUT
2024-04-01 12:09:27.855,INFO,WeatherController.js,processTicksAndRejections,161,city fetched sucessfully
2024-04-01 12:11:11.726,DEBUG,WeatherController.js,getcity,141,IN
2024-04-01 12:11:11.731,ERROR,WeatherController.js,getcity,150,Login Failed
2024-04-01 12:11:11.737,DEBUG,WeatherController.js,getcity,169,OUT
2024-04-01 12:11:12.057,INFO,WeatherController.js,processTicksAndRejections,161,city fetched sucessfully
2024-04-01 12:12:48.501,DEBUG,WeatherController.js,getcity,141,IN
2024-04-01 12:12:48.505,ERROR,WeatherController.js,getcity,150,Login Failed
2024-04-01 12:12:48.509,DEBUG,WeatherController.js,getcity,169,OUT
2024-04-01 12:12:48.789,INFO,WeatherController.js,processTicksAndRejections,161,city fetched sucessfully
2024-04-01 12:15:05.688,DEBUG,WeatherController.js,getcity,141,IN
2024-04-01 12:15:05.708,ERROR,WeatherController.js,getcity,150,Login Failed
2024-04-01 12:15:05.710,DEBUG,WeatherController.js,getcity,169,OUT
2024-04-01 12:15:06.026,INFO,WeatherController.js,processTicksAndRejections,161,city fetched sucessfully
2024-04-01 14:22:59.670,DEBUG,WeatherController.js,getcity,141,IN
2024-04-01 14:22:59.681,ERROR,WeatherController.js,getcity,150,Login Failed
2024-04-01 14:22:59.692,DEBUG,WeatherController.js,getcity,169,OUT
2024-04-01 14:23:20.411,DEBUG,UserController.js,login,61,IN
2024-04-01 14:23:20.904,INFO,UserController.js,login,89,User Logged In successfully
2024-04-01 14:23:20.905,DEBUG,UserController.js,login,100,OUT
2024-04-01 14:23:27.190,DEBUG,WeatherController.js,getcity,141,IN
2024-04-01 14:23:27.193,ERROR,WeatherController.js,getcity,150,Login Failed
2024-04-01 14:23:27.195,DEBUG,WeatherController.js,getcity,169,OUT
2024-04-01 14:23:27.209,INFO,WeatherController.js,processTicksAndRejections,161,city fetched sucessfully
2024-04-01 16:39:06.311,DEBUG,UserController.js,login,61,IN
2024-04-01 16:39:06.732,INFO,UserController.js,login,89,User Logged In successfully
2024-04-01 16:39:06.733,DEBUG,UserController.js,login,100,OUT
2024-04-01 16:39:13.436,DEBUG,WeatherController.js,getcity,141,IN
2024-04-01 16:39:13.450,ERROR,WeatherController.js,getcity,150,Login Failed
2024-04-01 16:39:13.452,DEBUG,WeatherController.js,getcity,169,OUT
2024-04-01 16:39:13.469,INFO,WeatherController.js,processTicksAndRejections,161,city fetched sucessfully
2024-04-01 16:39:32.923,DEBUG,WeatherController.js,getcity,141,IN
2024-04-01 16:39:32.929,ERROR,WeatherController.js,getcity,150,Login Failed
2024-04-01 16:39:32.932,DEBUG,WeatherController.js,getcity,169,OUT
2024-04-01 16:39:33.155,INFO,WeatherController.js,processTicksAndRejections,161,city fetched sucessfully
2024-04-01 16:40:11.828,DEBUG,WeatherController.js,getcity,141,IN
2024-04-01 16:40:11.832,ERROR,WeatherController.js,getcity,150,Login Failed
2024-04-01 16:40:11.835,DEBUG,WeatherController.js,getcity,169,OUT
2024-04-01 16:40:12.055,INFO,WeatherController.js,processTicksAndRejections,161,city fetched sucessfully
2024-04-01 16:40:38.051,DEBUG,WeatherController.js,getcity,141,IN
2024-04-01 16:40:38.065,ERROR,WeatherController.js,getcity,150,Login Failed
2024-04-01 16:40:38.067,DEBUG,WeatherController.js,getcity,169,OUT
2024-04-01 16:40:38.330,INFO,WeatherController.js,processTicksAndRejections,161,city fetched sucessfully
2024-04-01 16:43:18.490,DEBUG,UserController.js,login,61,IN
2024-04-01 16:43:18.809,INFO,UserController.js,login,89,User Logged In successfully
2024-04-01 16:43:18.811,DEBUG,UserController.js,login,100,OUT
2024-04-01 16:53:26.566,DEBUG,WeatherController.js,getcity,141,IN
2024-04-01 16:53:26.574,ERROR,WeatherController.js,getcity,150,Login Failed
2024-04-01 16:53:26.578,DEBUG,WeatherController.js,getcity,169,OUT
2024-04-01 16:53:26.734,INFO,WeatherController.js,processTicksAndRejections,161,city fetched sucessfully
2024-04-01 17:01:53.839,DEBUG,WeatherController.js,getcity,141,IN
2024-04-01 17:01:53.844,ERROR,WeatherController.js,getcity,150,Login Failed
2024-04-01 17:01:53.849,DEBUG,WeatherController.js,getcity,169,OUT
2024-04-01 17:01:54.072,INFO,WeatherController.js,processTicksAndRejections,161,city fetched sucessfully
2024-04-01 19:47:26.377,DEBUG,UserController.js,login,61,IN
2024-04-01 19:47:26.545,INFO,UserController.js,login,89,User Logged In successfully
2024-04-01 19:47:26.545,DEBUG,UserController.js,login,100,OUT
2024-04-01 19:50:51.811,DEBUG,UserController.js,login,61,IN
2024-04-01 19:50:52.169,INFO,UserController.js,login,89,User Logged In successfully
2024-04-01 19:50:52.173,DEBUG,UserController.js,login,100,OUT
2024-04-01 19:50:56.666,DEBUG,WeatherController.js,getcity,141,IN
2024-04-01 19:50:56.667,ERROR,WeatherController.js,getcity,150,Login Failed
2024-04-01 19:50:56.670,DEBUG,WeatherController.js,getcity,169,OUT
2024-04-01 19:50:56.677,INFO,WeatherController.js,processTicksAndRejections,161,city fetched sucessfully
2024-04-01 19:51:09.208,DEBUG,WeatherController.js,duplicatecity,180,IN
2024-04-01 19:51:09.210,DEBUG,WeatherController.js,duplicatecity,218,OUT
2024-04-01 19:51:09.378,DEBUG,WeatherController.js,addcity,99,IN
2024-04-01 19:51:09.380,DEBUG,WeatherController.js,addcity,130,OUT
2024-04-01 19:51:09.397,INFO,WeatherController.js,processTicksAndRejections,120,city added sucessfully
2024-04-01 19:51:09.399,INFO,WeatherController.js,processTicksAndRejections,123,city added sucessfully
2024-04-01 19:51:09.403,DEBUG,WeatherController.js,getcity,141,IN
2024-04-01 19:51:09.405,ERROR,WeatherController.js,getcity,150,Login Failed
2024-04-01 19:51:09.407,DEBUG,WeatherController.js,getcity,169,OUT
2024-04-01 19:51:09.411,INFO,WeatherController.js,processTicksAndRejections,161,city fetched sucessfully
2024-04-01 19:51:21.485,DEBUG,WeatherController.js,getcity,141,IN
2024-04-01 19:51:21.487,ERROR,WeatherController.js,getcity,150,Login Failed
2024-04-01 19:51:21.488,DEBUG,WeatherController.js,getcity,169,OUT
2024-04-01 19:51:21.649,INFO,WeatherController.js,processTicksAndRejections,161,city fetched sucessfully
2024-04-01 19:53:45.414,DEBUG,UserController.js,duplicateEmail,112,IN
2024-04-01 19:53:45.585,DEBUG,UserController.js,duplicateEmail,131,OUT
2024-04-01 19:53:45.590,DEBUG,UserController.js,register,36,IN
2024-04-01 19:53:45.704,INFO,UserController.js,register,42, User registered  successfully.
2024-04-01 19:53:45.706,DEBUG,UserController.js,register,51,OUT
2024-04-01 19:54:06.476,DEBUG,UserController.js,login,61,IN
2024-04-01 19:54:06.745,INFO,UserController.js,login,89,User Logged In successfully
2024-04-01 19:54:06.746,DEBUG,UserController.js,login,100,OUT
2024-04-01 19:54:12.120,DEBUG,WeatherController.js,getcity,141,IN
2024-04-01 19:54:12.121,ERROR,WeatherController.js,getcity,150,Login Failed
2024-04-01 19:54:12.121,DEBUG,WeatherController.js,getcity,169,OUT
2024-04-01 19:54:12.124,INFO,WeatherController.js,processTicksAndRejections,161,city fetched sucessfully
2024-04-01 19:54:28.743,DEBUG,WeatherController.js,duplicatecity,180,IN
2024-04-01 19:54:28.743,DEBUG,WeatherController.js,duplicatecity,218,OUT
2024-04-01 19:54:28.951,DEBUG,WeatherController.js,addcity,99,IN
2024-04-01 19:54:28.953,DEBUG,WeatherController.js,addcity,130,OUT
2024-04-01 19:54:28.967,INFO,WeatherController.js,processTicksAndRejections,120,city added sucessfully
2024-04-01 19:54:28.969,INFO,WeatherController.js,processTicksAndRejections,123,city added sucessfully
2024-04-01 19:54:28.974,DEBUG,WeatherController.js,getcity,141,IN
2024-04-01 19:54:28.975,ERROR,WeatherController.js,getcity,150,Login Failed
2024-04-01 19:54:28.976,DEBUG,WeatherController.js,getcity,169,OUT
2024-04-01 19:54:28.979,INFO,WeatherController.js,processTicksAndRejections,161,city fetched sucessfully
2024-04-01 19:55:18.819,DEBUG,UserController.js,login,61,IN
2024-04-01 19:55:19.108,INFO,UserController.js,login,89,User Logged In successfully
2024-04-01 19:55:19.109,DEBUG,UserController.js,login,100,OUT
2024-04-01 19:55:52.705,DEBUG,WeatherController.js,getcity,141,IN
2024-04-01 19:55:52.705,ERROR,WeatherController.js,getcity,150,Login Failed
2024-04-01 19:55:52.706,DEBUG,WeatherController.js,getcity,169,OUT
2024-04-01 19:55:52.885,INFO,WeatherController.js,processTicksAndRejections,161,city fetched sucessfully
2024-04-01 20:52:37.008,DEBUG,WeatherController.js,getcity,141,IN
2024-04-01 20:52:37.032,ERROR,WeatherController.js,getcity,150,Login Failed
2024-04-01 20:52:37.036,DEBUG,WeatherController.js,getcity,169,OUT
2024-04-01 20:52:37.259,INFO,WeatherController.js,processTicksAndRejections,161,city fetched sucessfully
2024-04-01 20:54:18.873,DEBUG,WeatherController.js,getcity,141,IN
2024-04-01 20:54:18.875,ERROR,WeatherController.js,getcity,150,Login Failed
2024-04-01 20:54:18.877,DEBUG,WeatherController.js,getcity,169,OUT
2024-04-01 20:54:19.121,INFO,WeatherController.js,processTicksAndRejections,161,city fetched sucessfully
2024-04-01 20:54:58.737,DEBUG,WeatherController.js,getcity,141,IN
2024-04-01 20:54:58.745,ERROR,WeatherController.js,getcity,150,Login Failed
2024-04-01 20:54:58.747,DEBUG,WeatherController.js,getcity,169,OUT
2024-04-01 20:54:58.949,INFO,WeatherController.js,processTicksAndRejections,161,city fetched sucessfully
2024-04-01 21:05:08.818,DEBUG,UserController.js,login,61,IN
2024-04-01 21:05:09.279,INFO,UserController.js,login,89,User Logged In successfully
2024-04-01 21:05:09.285,DEBUG,UserController.js,login,100,OUT
2024-04-01 21:05:14.741,DEBUG,WeatherController.js,getcity,141,IN
2024-04-01 21:05:14.744,ERROR,WeatherController.js,getcity,150,Login Failed
2024-04-01 21:05:14.755,DEBUG,WeatherController.js,getcity,169,OUT
2024-04-01 21:05:14.773,INFO,WeatherController.js,processTicksAndRejections,161,city fetched sucessfully
2024-04-01 21:08:42.802,DEBUG,WeatherController.js,getcity,141,IN
2024-04-01 21:08:42.821,ERROR,WeatherController.js,getcity,150,Login Failed
2024-04-01 21:08:42.826,DEBUG,WeatherController.js,getcity,169,OUT
2024-04-01 21:08:43.036,INFO,WeatherController.js,processTicksAndRejections,161,city fetched sucessfully
2024-04-01 21:11:01.460,DEBUG,UserController.js,login,61,IN
2024-04-01 21:11:01.803,INFO,UserController.js,login,89,User Logged In successfully
2024-04-01 21:11:01.804,DEBUG,UserController.js,login,100,OUT
2024-04-01 21:12:02.694,DEBUG,UserController.js,login,61,IN
2024-04-01 21:12:03.068,INFO,UserController.js,login,89,User Logged In successfully
2024-04-01 21:12:03.069,DEBUG,UserController.js,login,100,OUT
2024-04-01 21:28:40.712,DEBUG,UserController.js,login,61,IN
2024-04-01 21:28:41.100,INFO,UserController.js,login,89,User Logged In successfully
2024-04-01 21:28:41.104,DEBUG,UserController.js,login,100,OUT
